FILE_TYPE=LIBRARY_PARTS;
PRIMITIVE 'AMM_3742_T_WP_R','AMM_3742_T_WP_R_Other';
  PIN
    'OUTPUT':
      PIN_NUMBER='(1)';
      NO_LOAD_CHECK=BOTH;
      NO_IO_CHECK=BOTH;
      ALLOW_CONNECT=TRUE;
      PINUSE='UNSPEC';
    'GND_1':
      PIN_NUMBER='(2)';
      NO_LOAD_CHECK=BOTH;
      NO_IO_CHECK=BOTH;
      ALLOW_CONNECT=TRUE;
      PINUSE='UNSPEC';
    'GND_2':
      PIN_NUMBER='(3)';
      NO_LOAD_CHECK=BOTH;
      NO_IO_CHECK=BOTH;
      ALLOW_CONNECT=TRUE;
      PINUSE='UNSPEC';
    'VDD':
      PIN_NUMBER='(4)';
      NO_LOAD_CHECK=BOTH;
      NO_IO_CHECK=BOTH;
      ALLOW_CONNECT=TRUE;
      PINUSE='UNSPEC';
  END_PIN;
  BODY
    PART_NAME='AMM_3742_T_WP_R';
    PHYS_DES_PREFIX='MK';
    NO_LOAD_CHECK='TRUE';
    PIN_COUNT='4';
    BODY_NAME='AMM_3742_T_WP_R';
    JEDEC_TYPE='AMM3742TWPR';
  END_BODY;
END_PRIMITIVE;
END.
