Removed Pin From Net: NetName=AVDD Pin=C18-2
Removed Pin From Net: NetName=DVDD_EXT Pin=C20-2
Removed Pin From Net: NetName=VDD Pin=C52-2
Change Component Footprint: Designator=C18 Old Footprint=CAPC1608X06L New Footprint=CAPC1005X04L
Change Component Footprint: Designator=C20 Old Footprint=CAPC1608X06L New Footprint=CAPC1005X04L
Change Component Footprint: Designator=C52 Old Footprint=CAPC1608X06L New Footprint=CAPC1005X04L
Change component parameters: Designator = "C18" ("C18"); Footprint = "CAPC1608X06L"; UniqueID = "\FIYVYMDV\RAEJVZBM" ("\FIYVYMDV\RAEJVZBM")
Change component parameters (AddParameter): Name = "Class"; Value = "SMT"; VariantName = "[No Variations]"
Change component parameters (AddParameter): Name = "DigiKey link"; Value = ""; VariantName = "[No Variations]"
Change component parameters (AddParameter): Name = "JLCpcb link"; Value = ""; VariantName = "[No Variations]"
Change component parameters (AddParameter): Name = "LatestRevisionDate"; Value = "2024/02/20"; VariantName = "[No Variations]"
Change component parameters (AddParameter): Name = "Manufacturer"; Value = ""; VariantName = "[No Variations]"
Change component parameters (AddParameter): Name = "Manufacturer Part Number"; Value = ""; VariantName = "[No Variations]"
Change component parameters (AddParameter): Name = "Mouser link"; Value = ""; VariantName = "[No Variations]"
Change component parameters (AddParameter): Name = "Package"; Value = "0402"; VariantName = "[No Variations]"
Change component parameters (AddParameter): Name = "Part Number"; Value = "C0402-1µ0"; VariantName = "[No Variations]"
Change component parameters (AddParameter): Name = "Pin Count"; Value = "2"; VariantName = "[No Variations]"
Change component parameters (AddParameter): Name = "Value"; Value = "10uF"; VariantName = "[No Variations]"
Change component parameters: Designator = "C20" ("C20"); Footprint = "CAPC1608X06L"; UniqueID = "\FIYVYMDV\IOOBVAXT" ("\FIYVYMDV\IOOBVAXT")
Change component parameters (AddParameter): Name = "Class"; Value = "SMT"; VariantName = "[No Variations]"
Change component parameters (AddParameter): Name = "DigiKey link"; Value = ""; VariantName = "[No Variations]"
Change component parameters (AddParameter): Name = "JLCpcb link"; Value = ""; VariantName = "[No Variations]"
Change component parameters (AddParameter): Name = "LatestRevisionDate"; Value = "2024/02/20"; VariantName = "[No Variations]"
Change component parameters (AddParameter): Name = "Manufacturer"; Value = ""; VariantName = "[No Variations]"
Change component parameters (AddParameter): Name = "Manufacturer Part Number"; Value = ""; VariantName = "[No Variations]"
Change component parameters (AddParameter): Name = "Mouser link"; Value = ""; VariantName = "[No Variations]"
Change component parameters (AddParameter): Name = "Package"; Value = "0402"; VariantName = "[No Variations]"
Change component parameters (AddParameter): Name = "Part Number"; Value = "C0402-1µ0"; VariantName = "[No Variations]"
Change component parameters (AddParameter): Name = "Pin Count"; Value = "2"; VariantName = "[No Variations]"
Change component parameters (AddParameter): Name = "Value"; Value = "10uF"; VariantName = "[No Variations]"
Change component parameters: Designator = "C52" ("C52"); Footprint = "CAPC1608X06L"; UniqueID = "\FIYVYMDV\PWCAJXIS" ("\FIYVYMDV\PWCAJXIS")
Change component parameters (AddParameter): Name = "Class"; Value = "SMT"; VariantName = "[No Variations]"
Change component parameters (AddParameter): Name = "DigiKey link"; Value = ""; VariantName = "[No Variations]"
Change component parameters (AddParameter): Name = "JLCpcb link"; Value = ""; VariantName = "[No Variations]"
Change component parameters (AddParameter): Name = "LatestRevisionDate"; Value = "2024/02/20"; VariantName = "[No Variations]"
Change component parameters (AddParameter): Name = "Manufacturer"; Value = ""; VariantName = "[No Variations]"
Change component parameters (AddParameter): Name = "Manufacturer Part Number"; Value = ""; VariantName = "[No Variations]"
Change component parameters (AddParameter): Name = "Mouser link"; Value = ""; VariantName = "[No Variations]"
Change component parameters (AddParameter): Name = "Package"; Value = "0402"; VariantName = "[No Variations]"
Change component parameters (AddParameter): Name = "Part Number"; Value = "C0402-1µ0"; VariantName = "[No Variations]"
Change component parameters (AddParameter): Name = "Pin Count"; Value = "2"; VariantName = "[No Variations]"
Change component parameters (AddParameter): Name = "Value"; Value = "10uF"; VariantName = "[No Variations]"
Added Pin To Net: NetName=DVDD_EXT Pin=C18-2
Added Pin To Net: NetName=VDD Pin=C20-2
Added Pin To Net: NetName=AVDD Pin=C52-2
