Removed Pin From Net: NetName=GND Pin=C15-1
Removed Pin From Net: NetName=GND Pin=C16-1
Removed Pin From Net: NetName=GND Pin=C17-1
Removed Pin From Net: NetName=GND Pin=C18-1
Removed Pin From Net: NetName=GND Pin=C28-1
Removed Pin From Net: NetName=GND Pin=C29-1
Removed Pin From Net: NetName=GND Pin=C30-1
Removed Pin From Net: NetName=GND Pin=C31-1
Removed Pin From Net: NetName=GND Pin=C32-1
Removed Pin From Net: NetName=GND Pin=C33-1
Removed Pin From Net: NetName=NetLD1_1 Pin=Q1-2
Removed Pin From Net: NetName=GND Pin=Q1-3
Removed Pin From Net: NetName=NetLD2_1 Pin=Q1-5
Removed Pin From Net: NetName=GND Pin=Q1-6
Removed Pin From Net: NetName=VSYS Pin=R1-2
Removed Pin From Net: NetName=VSYS Pin=R2-2
Removed Pin From Net: NetName=GND Pin=R3-1
Removed Pin From Net: NetName=FLASH_WP Pin=U1-J6
Removed Pin From Net: NetName=FLASH_CS Pin=U1-J7
Removed Pin From Net: NetName=ACC_INT2 Pin=U1-K8
Removed Pin From Net: NetName=ACC_CS Pin=U1-K9
Removed Pin From Net: NetName=FLASH_RESET Pin=U1-K10
Removed Pin From Net: NetName=ACC_INT1 Pin=U1-L9
Removed Pin From Net: NetName=GND Pin=U2-B10
Removed Pin From Net: NetName=GND Pin=U2-C9
Removed Pin From Net: NetName=GND Pin=U2-D10
Removed Pin From Net: NetName=GND Pin=U2-E7
Removed Pin From Net: NetName=GND Pin=U2-F2
Removed Pin From Net: NetName=GND Pin=U2-K4
Removed Pin From Net: NetName=GND Pin=U2-K8
Removed Pin From Net: NetName=NetLD2_1 Pin=U4-E3
Removed Pin From Net: NetName=NetLD1_1 Pin=U4-E4
Removed Member From Class: ClassName=Tiresias_PMIC Member=LD1
Removed Member From Class: ClassName=Tiresias_PMIC Member=LD2
Change Component Footprint: Designator=LD2 Old Footprint=LED_0603_Y New Footprint=LED_0603_R
Change Component Comment : Designator=R3 Old Comment=220R New Comment=6K8
Change Component Comment : Designator=R1 Old Comment=470R New Comment=1M0
Change Component Comment : Designator=R2 Old Comment=470R New Comment=1M5
Change Component Comment : Designator=Q1 Old Comment=DMP210DUDJ New Comment=DMC2990UDJ
Change Component Comment : Designator=LD2 Old Comment=L0603Y New Comment=L0603R
Change component parameters: Designator = "LD2" ("LD2"); Footprint = "LED_0603_Y"; UniqueID = "\LYKLZKJX\ZZXDJWLT" ("\LYKLZKJX\ZZXDJWLT")
Change component parameters (AddParameter): Name = "Artikkelnr Noca"; Value = "N.A."; VariantName = "[No Variations]"
Change component parameters (AddParameter): Name = "Assembly"; Value = ""; VariantName = "[No Variations]"
Change component parameters (AddParameter): Name = "Author"; Value = "rsk"; VariantName = "[No Variations]"
Change component parameters (AddParameter): Name = "Component Class"; Value = "Optoelectronics"; VariantName = "[No Variations]"
Change component parameters (AddParameter): Name = "ComponentLink1Description"; Value = "Datasheet"; VariantName = "[No Variations]"
Change component parameters (AddParameter): Name = "ComponentLink1URL"; Value = "N.A."; VariantName = "[No Variations]"
Change component parameters (AddParameter): Name = "ComponentLink2Description"; Value = "Supplier link"; VariantName = "[No Variations]"
Change component parameters (AddParameter): Name = "ComponentLink2URL"; Value = "N.A."; VariantName = "[No Variations]"
Change component parameters (AddParameter): Name = "Footprint Doc"; Value = "0603"; VariantName = "[No Variations]"
Change component parameters (AddParameter): Name = "HelpURL"; Value = "http://www.farnell.com/datasheets/1673654.pdf"; VariantName = "[No Variations]"
Change component parameters (AddParameter): Name = "LatestRevisionDate"; Value = "2011-10-28"; VariantName = "[No Variations]"
Change component parameters (AddParameter): Name = "Manufacturer"; Value = "Multicomp"; VariantName = "[No Variations]"
Change component parameters (AddParameter): Name = "Manufacturer Part Number"; Value = "OVS-0608"; VariantName = "[No Variations]"
Change component parameters (AddParameter): Name = "Note"; Value = "100 mcd @ 20 mA, Super bright"; VariantName = "[No Variations]"
Change component parameters (AddParameter): Name = "Pad Count"; Value = "2"; VariantName = "[No Variations]"
Change component parameters (AddParameter): Name = "Part Number"; Value = "OVS-0608 RED"; VariantName = "[No Variations]"
Change component parameters (AddParameter): Name = "Part number IPS"; Value = "N.A."; VariantName = "[No Variations]"
Change component parameters (AddParameter): Name = "Part number Norautron"; Value = "N.A."; VariantName = "[No Variations]"
Change component parameters (AddParameter): Name = "PartId"; Value = "101400024"; VariantName = "[No Variations]"
Change component parameters (AddParameter): Name = "Published"; Value = "2011-10-28"; VariantName = "[No Variations]"
Change component parameters (AddParameter): Name = "Supplier 1"; Value = "Farnell"; VariantName = "[No Variations]"
Change component parameters (AddParameter): Name = "Supplier 2"; Value = "N.A."; VariantName = "[No Variations]"
Change component parameters (AddParameter): Name = "Supplier Part Number 1"; Value = "171-6774"; VariantName = "[No Variations]"
Change component parameters (AddParameter): Name = "Supplier Part Number 2"; Value = "N.A."; VariantName = "[No Variations]"
Change component parameters (AddParameter): Name = "Value"; Value = "L0603R"; VariantName = "[No Variations]"
Change component parameters: Designator = "Q1" ("Q1"); Footprint = "SOTFL35P100X50-6N"; UniqueID = "\COUNEDTQ\BEDDMMXK" ("\COUNEDTQ\BEDDMMXK")
Change component parameters (AddParameter): Name = "Artikkelnr Noca"; Value = "N.A."; VariantName = "[No Variations]"
Change component parameters (AddParameter): Name = "Assembly"; Value = ""; VariantName = "[No Variations]"
Change component parameters (AddParameter): Name = "Author"; Value = "rsk"; VariantName = "[No Variations]"
Change component parameters (AddParameter): Name = "Component Class"; Value = "Semiconductors"; VariantName = "[No Variations]"
Change component parameters (AddParameter): Name = "ComponentLink1Description"; Value = "Datasheet"; VariantName = "[No Variations]"
Change component parameters (AddParameter): Name = "ComponentLink1URL"; Value = "https://www.diodes.com/assets/Datasheets/DMC2990UDJ.pdf"; VariantName = "[No Variations]"
Change component parameters (AddParameter): Name = "ComponentLink2Description"; Value = "Supplier link"; VariantName = "[No Variations]"
Change component parameters (AddParameter): Name = "ComponentLink2URL"; Value = "N.A."; VariantName = "[No Variations]"
Change component parameters (AddParameter): Name = "Footprint Doc"; Value = "SOT-963"; VariantName = "[No Variations]"
Change component parameters (AddParameter): Name = "HelpURL"; Value = "N.A."; VariantName = "[No Variations]"
Change component parameters (AddParameter): Name = "LatestRevisionDate"; Value = "2020-04-28"; VariantName = "[No Variations]"
Change component parameters (AddParameter): Name = "Manufacturer"; Value = "Diodes Incorporated"; VariantName = "[No Variations]"
Change component parameters (AddParameter): Name = "Manufacturer Part Number"; Value = "DMC2990UDJ-7"; VariantName = "[No Variations]"
Change component parameters (AddParameter): Name = "Note"; Value = "N.A."; VariantName = "[No Variations]"
Change component parameters (AddParameter): Name = "Pad Count"; Value = "6"; VariantName = "[No Variations]"
Change component parameters (AddParameter): Name = "Part Number"; Value = "DMC2990UDJ-7"; VariantName = "[No Variations]"
Change component parameters (AddParameter): Name = "Part number IPS"; Value = "00000004489"; VariantName = "[No Variations]"
Change component parameters (AddParameter): Name = "Part number Norautron"; Value = "N.A."; VariantName = "[No Variations]"
Change component parameters (AddParameter): Name = "PartId"; Value = "101300174"; VariantName = "[No Variations]"
Change component parameters (AddParameter): Name = "Published"; Value = "2020-02-21"; VariantName = "[No Variations]"
Change component parameters (AddParameter): Name = "Supplier 1"; Value = "Digi-Key"; VariantName = "[No Variations]"
Change component parameters (AddParameter): Name = "Supplier 2"; Value = "N.A."; VariantName = "[No Variations]"
Change component parameters (AddParameter): Name = "Supplier Part Number 1"; Value = "DMC2990UDJ-7DICT-ND"; VariantName = "[No Variations]"
Change component parameters (AddParameter): Name = "Supplier Part Number 2"; Value = "N.A."; VariantName = "[No Variations]"
Change component parameters (AddParameter): Name = "Value"; Value = "DMC2990UDJ"; VariantName = "[No Variations]"
Change component parameters: Designator = "R1" ("R1"); Footprint = "RESC0603X03L_C"; UniqueID = "\COUNEDTQ\ATCTLPKB" ("\COUNEDTQ\ATCTLPKB")
Change component parameters (AddParameter): Name = "Author"; Value = "rsk"; VariantName = "[No Variations]"
Change component parameters (AddParameter): Name = "Class"; Value = "SMT"; VariantName = "[No Variations]"
Change component parameters (AddParameter): Name = "ComponentLink1Description"; Value = "Datasheet"; VariantName = "[No Variations]"
Change component parameters (AddParameter): Name = "ComponentLink1URL"; Value = "N.A."; VariantName = "[No Variations]"
Change component parameters (AddParameter): Name = "ComponentLink2Description"; Value = "Supplier link"; VariantName = "[No Variations]"
Change component parameters (AddParameter): Name = "ComponentLink2URL"; Value = "N.A."; VariantName = "[No Variations]"
Change component parameters (AddParameter): Name = "DigiKey link"; Value = "00000001419"; VariantName = "[No Variations]"
Change component parameters (AddParameter): Name = "JLCpcb link"; Value = "Chip Res 1%"; VariantName = "[No Variations]"
Change component parameters (AddParameter): Name = "Latest Revision Date"; Value = "2024-04-23"; VariantName = "[No Variations]"
Change component parameters (AddParameter): Name = "Manufacturer"; Value = "N.A."; VariantName = "[No Variations]"
Change component parameters (AddParameter): Name = "Mouser link"; Value = "N.A."; VariantName = "[No Variations]"
Change component parameters (AddParameter): Name = "Package"; Value = "0201"; VariantName = "[No Variations]"
Change component parameters (AddParameter): Name = "Part Number"; Value = "R0201-100k"; VariantName = "[No Variations]"
Change component parameters (AddParameter): Name = "Pin Count"; Value = "2"; VariantName = "[No Variations]"
Change component parameters (AddParameter): Name = "Value"; Value = "1M0"; VariantName = "[No Variations]"
Change component parameters: Designator = "R2" ("R2"); Footprint = "RESC0603X03L_C"; UniqueID = "\COUNEDTQ\FSZYCDFS" ("\COUNEDTQ\FSZYCDFS")
Change component parameters (AddParameter): Name = "Author"; Value = "rsk"; VariantName = "[No Variations]"
Change component parameters (AddParameter): Name = "Class"; Value = "SMT"; VariantName = "[No Variations]"
Change component parameters (AddParameter): Name = "ComponentLink1Description"; Value = "Datasheet"; VariantName = "[No Variations]"
Change component parameters (AddParameter): Name = "ComponentLink1URL"; Value = "N.A."; VariantName = "[No Variations]"
Change component parameters (AddParameter): Name = "ComponentLink2Description"; Value = "Supplier link"; VariantName = "[No Variations]"
Change component parameters (AddParameter): Name = "ComponentLink2URL"; Value = "N.A."; VariantName = "[No Variations]"
Change component parameters (AddParameter): Name = "DigiKey link"; Value = "00000001419"; VariantName = "[No Variations]"
Change component parameters (AddParameter): Name = "JLCpcb link"; Value = "Chip Res 1%"; VariantName = "[No Variations]"
Change component parameters (AddParameter): Name = "Latest Revision Date"; Value = "2024-04-23"; VariantName = "[No Variations]"
Change component parameters (AddParameter): Name = "Manufacturer"; Value = "N.A."; VariantName = "[No Variations]"
Change component parameters (AddParameter): Name = "Mouser link"; Value = "N.A."; VariantName = "[No Variations]"
Change component parameters (AddParameter): Name = "Package"; Value = "0201"; VariantName = "[No Variations]"
Change component parameters (AddParameter): Name = "Part Number"; Value = "R0201-100k"; VariantName = "[No Variations]"
Change component parameters (AddParameter): Name = "Pin Count"; Value = "2"; VariantName = "[No Variations]"
Change component parameters (AddParameter): Name = "Value"; Value = "1M5"; VariantName = "[No Variations]"
Change component parameters: Designator = "R3" ("R3"); Footprint = "RESC0603X03L_C"; UniqueID = "\COUNEDTQ\XCLQTHMM" ("\COUNEDTQ\XCLQTHMM")
Change component parameters (AddParameter): Name = "Author"; Value = "rsk"; VariantName = "[No Variations]"
Change component parameters (AddParameter): Name = "Class"; Value = "SMT"; VariantName = "[No Variations]"
Change component parameters (AddParameter): Name = "ComponentLink1Description"; Value = "Datasheet"; VariantName = "[No Variations]"
Change component parameters (AddParameter): Name = "ComponentLink1URL"; Value = "N.A."; VariantName = "[No Variations]"
Change component parameters (AddParameter): Name = "ComponentLink2Description"; Value = "Supplier link"; VariantName = "[No Variations]"
Change component parameters (AddParameter): Name = "ComponentLink2URL"; Value = "N.A."; VariantName = "[No Variations]"
Change component parameters (AddParameter): Name = "DigiKey link"; Value = "00000001419"; VariantName = "[No Variations]"
Change component parameters (AddParameter): Name = "JLCpcb link"; Value = "Chip Res 1%"; VariantName = "[No Variations]"
Change component parameters (AddParameter): Name = "Latest Revision Date"; Value = "2024-04-23"; VariantName = "[No Variations]"
Change component parameters (AddParameter): Name = "Manufacturer"; Value = "N.A."; VariantName = "[No Variations]"
Change component parameters (AddParameter): Name = "Mouser link"; Value = "N.A."; VariantName = "[No Variations]"
Change component parameters (AddParameter): Name = "Package"; Value = "0201"; VariantName = "[No Variations]"
Change component parameters (AddParameter): Name = "Part Number"; Value = "R0201-100k"; VariantName = "[No Variations]"
Change component parameters (AddParameter): Name = "Pin Count"; Value = "2"; VariantName = "[No Variations]"
Change component parameters (AddParameter): Name = "Value"; Value = "6K8"; VariantName = "[No Variations]"
Added Component: Designator=A1(2450AT18B100)
Add component (AddParameter): Name = "Artikkelnr Noca"; Value = "N.A."; VariantName = "[No Variations]"
Add component (AddParameter): Name = "Assembly"; Value = ""; VariantName = "[No Variations]"
Add component (AddParameter): Name = "Author"; Value = "rsk"; VariantName = "[No Variations]"
Add component (AddParameter): Name = "Component Class"; Value = "Antennas"; VariantName = "[No Variations]"
Add component (AddParameter): Name = "ComponentLink1Description"; Value = "Datasheet"; VariantName = "[No Variations]"
Add component (AddParameter): Name = "ComponentLink1URL"; Value = "N.A."; VariantName = "[No Variations]"
Add component (AddParameter): Name = "ComponentLink2Description"; Value = "Supplier link"; VariantName = "[No Variations]"
Add component (AddParameter): Name = "ComponentLink2URL"; Value = "N.A."; VariantName = "[No Variations]"
Add component (AddParameter): Name = "Footprint Doc"; Value = "2450AT18B100"; VariantName = "[No Variations]"
Add component (AddParameter): Name = "HelpURL"; Value = "http://www.johansontechnology.com/datasheets/antennas/2450AT18B100.pdf"; VariantName = "[No Variations]"
Add component (AddParameter): Name = "LatestRevisionDate"; Value = "2013-09-13"; VariantName = "[No Variations]"
Add component (AddParameter): Name = "Manufacturer"; Value = "Johanson Technology"; VariantName = "[No Variations]"
Add component (AddParameter): Name = "Manufacturer Part Number"; Value = "2450AT18B100"; VariantName = "[No Variations]"
Add component (AddParameter): Name = "Note"; Value = "N.A."; VariantName = "[No Variations]"
Add component (AddParameter): Name = "Pad Count"; Value = "2"; VariantName = "[No Variations]"
Add component (AddParameter): Name = "Part Number"; Value = "Johanson 2450AT18B100"; VariantName = "[No Variations]"
Add component (AddParameter): Name = "Part number IPS"; Value = "00000007781"; VariantName = "[No Variations]"
Add component (AddParameter): Name = "Part number Norautron"; Value = "N.A."; VariantName = "[No Variations]"
Add component (AddParameter): Name = "PartId"; Value = "100700001"; VariantName = "[No Variations]"
Add component (AddParameter): Name = "Published"; Value = "2013-09-13"; VariantName = "[No Variations]"
Add component (AddParameter): Name = "Supplier 1"; Value = "Digi-Key"; VariantName = "[No Variations]"
Add component (AddParameter): Name = "Supplier 2"; Value = "N.A."; VariantName = "[No Variations]"
Add component (AddParameter): Name = "Supplier Part Number 1"; Value = "712-1006-1-ND"; VariantName = "[No Variations]"
Add component (AddParameter): Name = "Supplier Part Number 2"; Value = "N.A."; VariantName = "[No Variations]"
Add component (AddParameter): Name = "Value"; Value = "2450AT18B100"; VariantName = "[No Variations]"
Added Component: Designator=C35(CAPC0603X03L_C_NC)
Add component (AddParameter): Name = "Class"; Value = ""; VariantName = "[No Variations]"
Add component (AddParameter): Name = "DigiKey link"; Value = ""; VariantName = "[No Variations]"
Add component (AddParameter): Name = "JLCpcb link"; Value = ""; VariantName = "[No Variations]"
Add component (AddParameter): Name = "LatestRevisionDate"; Value = "2024-03-04"; VariantName = "[No Variations]"
Add component (AddParameter): Name = "Manufacturer"; Value = ""; VariantName = "[No Variations]"
Add component (AddParameter): Name = "Manufacturer Part Number"; Value = ""; VariantName = "[No Variations]"
Add component (AddParameter): Name = "Mouser link"; Value = ""; VariantName = "[No Variations]"
Add component (AddParameter): Name = "Package"; Value = ""; VariantName = "[No Variations]"
Add component (AddParameter): Name = "Part Number"; Value = "C0201-NC"; VariantName = "[No Variations]"
Add component (AddParameter): Name = "Pin Count"; Value = "2"; VariantName = "[No Variations]"
Add component (AddParameter): Name = "Value"; Value = "N.C."; VariantName = "[No Variations]"
Added Component: Designator=C36(CAPC0603X03L_C_NC)
Add component (AddParameter): Name = "Class"; Value = ""; VariantName = "[No Variations]"
Add component (AddParameter): Name = "DigiKey link"; Value = ""; VariantName = "[No Variations]"
Add component (AddParameter): Name = "JLCpcb link"; Value = ""; VariantName = "[No Variations]"
Add component (AddParameter): Name = "LatestRevisionDate"; Value = "2024-03-04"; VariantName = "[No Variations]"
Add component (AddParameter): Name = "Manufacturer"; Value = ""; VariantName = "[No Variations]"
Add component (AddParameter): Name = "Manufacturer Part Number"; Value = ""; VariantName = "[No Variations]"
Add component (AddParameter): Name = "Mouser link"; Value = ""; VariantName = "[No Variations]"
Add component (AddParameter): Name = "Package"; Value = ""; VariantName = "[No Variations]"
Add component (AddParameter): Name = "Part Number"; Value = "C0201-NC"; VariantName = "[No Variations]"
Add component (AddParameter): Name = "Pin Count"; Value = "2"; VariantName = "[No Variations]"
Add component (AddParameter): Name = "Value"; Value = "N.C."; VariantName = "[No Variations]"
Added Component: Designator=C37(CAPC0603X03L_C_NC)
Add component (AddParameter): Name = "Class"; Value = ""; VariantName = "[No Variations]"
Add component (AddParameter): Name = "DigiKey link"; Value = ""; VariantName = "[No Variations]"
Add component (AddParameter): Name = "JLCpcb link"; Value = ""; VariantName = "[No Variations]"
Add component (AddParameter): Name = "LatestRevisionDate"; Value = "2024-03-04"; VariantName = "[No Variations]"
Add component (AddParameter): Name = "Manufacturer"; Value = ""; VariantName = "[No Variations]"
Add component (AddParameter): Name = "Manufacturer Part Number"; Value = ""; VariantName = "[No Variations]"
Add component (AddParameter): Name = "Mouser link"; Value = ""; VariantName = "[No Variations]"
Add component (AddParameter): Name = "Package"; Value = ""; VariantName = "[No Variations]"
Add component (AddParameter): Name = "Part Number"; Value = "C0201-NC"; VariantName = "[No Variations]"
Add component (AddParameter): Name = "Pin Count"; Value = "2"; VariantName = "[No Variations]"
Add component (AddParameter): Name = "Value"; Value = "N.C."; VariantName = "[No Variations]"
Added Component: Designator=C38(CAPC0603X03L_C)
Add component (AddParameter): Name = "Class"; Value = "SMT"; VariantName = "[No Variations]"
Add component (AddParameter): Name = "DigiKey link"; Value = ""; VariantName = "[No Variations]"
Add component (AddParameter): Name = "JLCpcb link"; Value = ""; VariantName = "[No Variations]"
Add component (AddParameter): Name = "LatestRevisionDate"; Value = "2024/02/20"; VariantName = "[No Variations]"
Add component (AddParameter): Name = "Manufacturer"; Value = ""; VariantName = "[No Variations]"
Add component (AddParameter): Name = "Manufacturer Part Number"; Value = ""; VariantName = "[No Variations]"
Add component (AddParameter): Name = "Mouser link"; Value = ""; VariantName = "[No Variations]"
Add component (AddParameter): Name = "Package"; Value = "0201"; VariantName = "[No Variations]"
Add component (AddParameter): Name = "Part Number"; Value = "C0201-100n"; VariantName = "[No Variations]"
Add component (AddParameter): Name = "Pin Count"; Value = "2"; VariantName = "[No Variations]"
Add component (AddParameter): Name = "Value"; Value = "100nF"; VariantName = "[No Variations]"
Added Component: Designator=IC?(BGA42C35P7X6_270X232X53)
Add component (AddParameter): Name = "DeviceName"; Value = ""; VariantName = "[No Variations]"
Add component (AddParameter): Name = "DeviceSetName"; Value = "ADAU1787BCBZRL"; VariantName = "[No Variations]"
Add component (AddParameter): Name = "GateName_1"; Value = "G$1"; VariantName = "[No Variations]"
Add component (AddParameter): Name = "Height"; Value = "0.53mm"; VariantName = "[No Variations]"
Add component (AddParameter): Name = "LibraryName"; Value = "ADAU1787BCBZRL"; VariantName = "[No Variations]"
Add component (AddParameter): Name = "Manufacturer_Name"; Value = "Analog Devices"; VariantName = "[No Variations]"
Add component (AddParameter): Name = "Manufacturer_Part_Number"; Value = "ADAU1787BCBZRL"; VariantName = "[No Variations]"
Add component (AddParameter): Name = "Mouser_Part_Number"; Value = "584-ADAU1787BCBZRL"; VariantName = "[No Variations]"
Add component (AddParameter): Name = "Mouser_Price-Stock"; Value = "https://www.mouser.co.uk/ProductDetail/Analog-Devices/ADAU1787BCBZRL?qs=Zz7%252BYVVL6bEB%252B919c1w04A%3D%3D"; VariantName = "[No Variations]"
Add component (AddParameter): Name = "Package"; Value = "BGA42C35P7X6_270X232X53"; VariantName = "[No Variations]"
Add component (AddParameter): Name = "SymbolName_1"; Value = "ADAU1787BCBZRL"; VariantName = "[No Variations]"
Added Component: Designator=J1(COAXIAL-SWF)
Add component (AddParameter): Name = "Artikkelnr Noca"; Value = "55029011"; VariantName = "[No Variations]"
Add component (AddParameter): Name = "Assembly"; Value = ""; VariantName = "[No Variations]"
Add component (AddParameter): Name = "Author"; Value = "rsk"; VariantName = "[No Variations]"
Add component (AddParameter): Name = "Component Class"; Value = "Connectors"; VariantName = "[No Variations]"
Add component (AddParameter): Name = "ComponentLink1Description"; Value = "Datasheet"; VariantName = "[No Variations]"
Add component (AddParameter): Name = "ComponentLink1URL"; Value = "N.A."; VariantName = "[No Variations]"
Add component (AddParameter): Name = "ComponentLink2Description"; Value = "Supplier link"; VariantName = "[No Variations]"
Add component (AddParameter): Name = "ComponentLink2URL"; Value = "N.A."; VariantName = "[No Variations]"
Add component (AddParameter): Name = "Footprint Doc"; Value = "COAXIAL-SWF"; VariantName = "[No Variations]"
Add component (AddParameter): Name = "HelpURL"; Value = "http://www.murata.com/products/catalog/pdf/o33e.pdf"; VariantName = "[No Variations]"
Add component (AddParameter): Name = "LatestRevisionDate"; Value = "2014-04-24"; VariantName = "[No Variations]"
Add component (AddParameter): Name = "Manufacturer"; Value = "Murata"; VariantName = "[No Variations]"
Add component (AddParameter): Name = "Manufacturer Part Number"; Value = "MM8130-2600"; VariantName = "[No Variations]"
Add component (AddParameter): Name = "Note"; Value = "N.A."; VariantName = "[No Variations]"
Add component (AddParameter): Name = "Pad Count"; Value = "3"; VariantName = "[No Variations]"
Add component (AddParameter): Name = "Part Number"; Value = "MM8130-2600"; VariantName = "[No Variations]"
Add component (AddParameter): Name = "Part number IPS"; Value = "00000009955"; VariantName = "[No Variations]"
Add component (AddParameter): Name = "Part number Norautron"; Value = "N.A."; VariantName = "[No Variations]"
Add component (AddParameter): Name = "PartId"; Value = "100500400"; VariantName = "[No Variations]"
Add component (AddParameter): Name = "Published"; Value = "2014-04-24"; VariantName = "[No Variations]"
Add component (AddParameter): Name = "Supplier 1"; Value = "Digi-Key"; VariantName = "[No Variations]"
Add component (AddParameter): Name = "Supplier 2"; Value = "Mouser"; VariantName = "[No Variations]"
Add component (AddParameter): Name = "Supplier Part Number 1"; Value = "490-4981-1-ND"; VariantName = "[No Variations]"
Add component (AddParameter): Name = "Supplier Part Number 2"; Value = "81-MM8130-2600RA2"; VariantName = "[No Variations]"
Add component (AddParameter): Name = "Value"; Value = "MM8130-2600"; VariantName = "[No Variations]"
Added Component: Designator=J2(SM03B-SRSS-TB)
Add component (AddParameter): Name = "Artikkelnr Noca"; Value = "N.A."; VariantName = "[No Variations]"
Add component (AddParameter): Name = "Assembly"; Value = ""; VariantName = "[No Variations]"
Add component (AddParameter): Name = "Author"; Value = "rsk"; VariantName = "[No Variations]"
Add component (AddParameter): Name = "Component Class"; Value = "Connectors"; VariantName = "[No Variations]"
Add component (AddParameter): Name = "ComponentLink1Description"; Value = "Datasheet"; VariantName = "[No Variations]"
Add component (AddParameter): Name = "ComponentLink1URL"; Value = "N.A."; VariantName = "[No Variations]"
Add component (AddParameter): Name = "ComponentLink2Description"; Value = "Supplier link"; VariantName = "[No Variations]"
Add component (AddParameter): Name = "ComponentLink2URL"; Value = "N.A."; VariantName = "[No Variations]"
Add component (AddParameter): Name = "Footprint Doc"; Value = "SM03B-SRSS-TB"; VariantName = "[No Variations]"
Add component (AddParameter): Name = "HelpURL"; Value = "http://www.jst-mfg.com/product/pdf/eng/eSH.pdf"; VariantName = "[No Variations]"
Add component (AddParameter): Name = "LatestRevisionDate"; Value = "2017-10-09"; VariantName = "[No Variations]"
Add component (AddParameter): Name = "Manufacturer"; Value = "JST Sales America Inc."; VariantName = "[No Variations]"
Add component (AddParameter): Name = "Manufacturer Part Number"; Value = "SM03B-SRSS-TB(LF)(SN)"; VariantName = "[No Variations]"
Add component (AddParameter): Name = "Note"; Value = "JST, Header"; VariantName = "[No Variations]"
Add component (AddParameter): Name = "Pad Count"; Value = "3"; VariantName = "[No Variations]"
Add component (AddParameter): Name = "Part Number"; Value = "SM03B-SRSS-TB"; VariantName = "[No Variations]"
Add component (AddParameter): Name = "Part number IPS"; Value = "00000001785"; VariantName = "[No Variations]"
Add component (AddParameter): Name = "Part number Norautron"; Value = "N.A."; VariantName = "[No Variations]"
Add component (AddParameter): Name = "PartId"; Value = "100500605"; VariantName = "[No Variations]"
Add component (AddParameter): Name = "Published"; Value = "2017-10-09"; VariantName = "[No Variations]"
Add component (AddParameter): Name = "Supplier 1"; Value = "Cabcon"; VariantName = "[No Variations]"
Add component (AddParameter): Name = "Supplier 2"; Value = "Digi-Key"; VariantName = "[No Variations]"
Add component (AddParameter): Name = "Supplier Part Number 1"; Value = "SM03B-SRSS-TB(LF)(SN)"; VariantName = "[No Variations]"
Add component (AddParameter): Name = "Supplier Part Number 2"; Value = "455-1803-1-ND"; VariantName = "[No Variations]"
Add component (AddParameter): Name = "Value"; Value = "HDR-3, 1mm"; VariantName = "[No Variations]"
Added Component: Designator=J3(MMCXLRPC140)
Add component (AddParameter): Name = "Availability"; Value = "Unavailable"; VariantName = "[No Variations]"
Add component (AddParameter): Name = "DigiKey-Purchase-URL"; Value = "https://snapeda.com/shop?store=DigiKey&id=356290"; VariantName = "[No Variations]"
Add component (AddParameter): Name = "MF"; Value = "Samtec Inc."; VariantName = "[No Variations]"
Add component (AddParameter): Name = "MP"; Value = "MMCX-J-P-H-RA-TH1"; VariantName = "[No Variations]"
Add component (AddParameter): Name = "Package"; Value = "None"; VariantName = "[No Variations]"
Add component (AddParameter): Name = "Price"; Value = "None"; VariantName = "[No Variations]"
Add component (AddParameter): Name = "SnapEDA_Link"; Value = "https://www.snapeda.com/parts/MMCX-J-P-H-RA-TH1/Samtec%20Inc./view-part/356290/?ref=snap"; VariantName = "[No Variations]"
Add component (AddParameter): Name = "Toby_UK-Purchase-URL"; Value = "https://snapeda.com/shop?store=Toby+UK&id=356290"; VariantName = "[No Variations]"
Add component (AddParameter): Name = "Value"; Value = ""; VariantName = "[No Variations]"
Added Component: Designator=P1(HDR_2x5-SMD-1.27mm-K)
Add component (AddParameter): Name = "Artikkelnr Noca"; Value = "55010009"; VariantName = "[No Variations]"
Add component (AddParameter): Name = "Assembly"; Value = ""; VariantName = "[No Variations]"
Add component (AddParameter): Name = "Component Class"; Value = "Connectors"; VariantName = "[No Variations]"
Add component (AddParameter): Name = "ComponentLink1Description"; Value = "Datasheet"; VariantName = "[No Variations]"
Add component (AddParameter): Name = "ComponentLink1URL"; Value = "N.A."; VariantName = "[No Variations]"
Add component (AddParameter): Name = "ComponentLink2Description"; Value = "Supplier link"; VariantName = "[No Variations]"
Add component (AddParameter): Name = "ComponentLink2URL"; Value = "N.A."; VariantName = "[No Variations]"
Add component (AddParameter): Name = "Footprint Doc"; Value = "HDR_2x5-SMD-1.27mm"; VariantName = "[No Variations]"
Add component (AddParameter): Name = "HelpURL"; Value = "\\hizz\pro\app9717\Datasheet\connectors\W-CON\3132-XXMXXBK00XX.pdf"; VariantName = "[No Variations]"
Add component (AddParameter): Name = "LatestRevisionDate"; Value = "2016-04-21"; VariantName = "[No Variations]"
Add component (AddParameter): Name = "Manufacturer"; Value = "W-CON"; VariantName = "[No Variations]"
Add component (AddParameter): Name = "Manufacturer Part Number"; Value = "3132-10MS0BK00R1"; VariantName = "[No Variations]"
Add component (AddParameter): Name = "Note"; Value = "N.A."; VariantName = "[No Variations]"
Add component (AddParameter): Name = "Pad Count"; Value = "10"; VariantName = "[No Variations]"
Add component (AddParameter): Name = "Part Number"; Value = "Pin Header 2x5 SMD, 1.27mm, KS"; VariantName = "[No Variations]"
Add component (AddParameter): Name = "Part number IPS"; Value = "00000009968"; VariantName = "[No Variations]"
Add component (AddParameter): Name = "PartId"; Value = "100500261"; VariantName = "[No Variations]"
Add component (AddParameter): Name = "Pin Count"; Value = "10"; VariantName = "[No Variations]"
Add component (AddParameter): Name = "Published"; Value = "2016-01-22"; VariantName = "[No Variations]"
Add component (AddParameter): Name = "Publisher"; Value = "Nordic Semiconductor"; VariantName = "[No Variations]"
Add component (AddParameter): Name = "Supplier 1"; Value = "Cabcon"; VariantName = "[No Variations]"
Add component (AddParameter): Name = "Supplier 2"; Value = "Samtec"; VariantName = "[No Variations]"
Add component (AddParameter): Name = "Supplier Part Number 1"; Value = "3132-10MS0BK00R1"; VariantName = "[No Variations]"
Add component (AddParameter): Name = "Supplier Part Number 2"; Value = "FTSH-105-01-F-DV-K"; VariantName = "[No Variations]"
Add component (AddParameter): Name = "Value"; Value = "Pin Header 2x5, 1.27mm"; VariantName = "[No Variations]"
Added Component: Designator=Q2(SOTFL35P100X50-6N)
Add component (AddParameter): Name = "Artikkelnr Noca"; Value = "N.A."; VariantName = "[No Variations]"
Add component (AddParameter): Name = "Assembly"; Value = ""; VariantName = "[No Variations]"
Add component (AddParameter): Name = "Author"; Value = "rubr"; VariantName = "[No Variations]"
Add component (AddParameter): Name = "Component Class"; Value = "Semiconductors"; VariantName = "[No Variations]"
Add component (AddParameter): Name = "ComponentLink1Description"; Value = "Datasheet"; VariantName = "[No Variations]"
Add component (AddParameter): Name = "ComponentLink1URL"; Value = "https://www.diodes.com/assets/Datasheets/ds31481.pdf"; VariantName = "[No Variations]"
Add component (AddParameter): Name = "ComponentLink2Description"; Value = "Supplier link"; VariantName = "[No Variations]"
Add component (AddParameter): Name = "ComponentLink2URL"; Value = "https://www.digikey.com/en/products/detail/diodes-incorporated/DMN26D0UDJ-7/2346781"; VariantName = "[No Variations]"
Add component (AddParameter): Name = "Footprint Doc"; Value = "SOT-963"; VariantName = "[No Variations]"
Add component (AddParameter): Name = "HelpURL"; Value = "https://www.diodes.com/part/view/DMN26D0UDJ"; VariantName = "[No Variations]"
Add component (AddParameter): Name = "LatestRevisionDate"; Value = "2021-06-03"; VariantName = "[No Variations]"
Add component (AddParameter): Name = "Manufacturer"; Value = "Diodes Incorporated"; VariantName = "[No Variations]"
Add component (AddParameter): Name = "Manufacturer Part Number"; Value = "DMN26D0UDJ-7"; VariantName = "[No Variations]"
Add component (AddParameter): Name = "Note"; Value = "N.A."; VariantName = "[No Variations]"
Add component (AddParameter): Name = "Pad Count"; Value = "6"; VariantName = "[No Variations]"
Add component (AddParameter): Name = "Part Number"; Value = "DMN26D0UDJ-7"; VariantName = "[No Variations]"
Add component (AddParameter): Name = "Part number IPS"; Value = "N.A."; VariantName = "[No Variations]"
Add component (AddParameter): Name = "Part number Norautron"; Value = "N.A."; VariantName = "[No Variations]"
Add component (AddParameter): Name = "PartId"; Value = "101300183"; VariantName = "[No Variations]"
Add component (AddParameter): Name = "Published"; Value = "2021-06-03"; VariantName = "[No Variations]"
Add component (AddParameter): Name = "Supplier 1"; Value = "Digi-Key"; VariantName = "[No Variations]"
Add component (AddParameter): Name = "Supplier 2"; Value = "N.A."; VariantName = "[No Variations]"
Add component (AddParameter): Name = "Supplier Part Number 1"; Value = "DMN26D0UDJ-7DICT-ND"; VariantName = "[No Variations]"
Add component (AddParameter): Name = "Supplier Part Number 2"; Value = "N.A."; VariantName = "[No Variations]"
Add component (AddParameter): Name = "Value"; Value = "DMN26D0UDJ"; VariantName = "[No Variations]"
Added Component: Designator=R4(RESC0603X03L_C)
Add component (AddParameter): Name = "Author"; Value = "rsk"; VariantName = "[No Variations]"
Add component (AddParameter): Name = "Class"; Value = "SMT"; VariantName = "[No Variations]"
Add component (AddParameter): Name = "ComponentLink1Description"; Value = "Datasheet"; VariantName = "[No Variations]"
Add component (AddParameter): Name = "ComponentLink1URL"; Value = "N.A."; VariantName = "[No Variations]"
Add component (AddParameter): Name = "ComponentLink2Description"; Value = "Supplier link"; VariantName = "[No Variations]"
Add component (AddParameter): Name = "ComponentLink2URL"; Value = "N.A."; VariantName = "[No Variations]"
Add component (AddParameter): Name = "DigiKey link"; Value = "00000001419"; VariantName = "[No Variations]"
Add component (AddParameter): Name = "JLCpcb link"; Value = "Chip Res 1%"; VariantName = "[No Variations]"
Add component (AddParameter): Name = "Latest Revision Date"; Value = "2024-04-23"; VariantName = "[No Variations]"
Add component (AddParameter): Name = "Manufacturer"; Value = "N.A."; VariantName = "[No Variations]"
Add component (AddParameter): Name = "Mouser link"; Value = "N.A."; VariantName = "[No Variations]"
Add component (AddParameter): Name = "Package"; Value = "0201"; VariantName = "[No Variations]"
Add component (AddParameter): Name = "Part Number"; Value = "R0201-100k"; VariantName = "[No Variations]"
Add component (AddParameter): Name = "Pin Count"; Value = "2"; VariantName = "[No Variations]"
Add component (AddParameter): Name = "Value"; Value = "220k"; VariantName = "[No Variations]"
Added Component: Designator=R5(RESC0603X03L_C)
Add component (AddParameter): Name = "Author"; Value = "rsk"; VariantName = "[No Variations]"
Add component (AddParameter): Name = "Class"; Value = "SMT"; VariantName = "[No Variations]"
Add component (AddParameter): Name = "ComponentLink1Description"; Value = "Datasheet"; VariantName = "[No Variations]"
Add component (AddParameter): Name = "ComponentLink1URL"; Value = "N.A."; VariantName = "[No Variations]"
Add component (AddParameter): Name = "ComponentLink2Description"; Value = "Supplier link"; VariantName = "[No Variations]"
Add component (AddParameter): Name = "ComponentLink2URL"; Value = "N.A."; VariantName = "[No Variations]"
Add component (AddParameter): Name = "DigiKey link"; Value = "00000001419"; VariantName = "[No Variations]"
Add component (AddParameter): Name = "JLCpcb link"; Value = "Chip Res 1%"; VariantName = "[No Variations]"
Add component (AddParameter): Name = "Latest Revision Date"; Value = "2024-04-23"; VariantName = "[No Variations]"
Add component (AddParameter): Name = "Manufacturer"; Value = "N.A."; VariantName = "[No Variations]"
Add component (AddParameter): Name = "Mouser link"; Value = "N.A."; VariantName = "[No Variations]"
Add component (AddParameter): Name = "Package"; Value = "0201"; VariantName = "[No Variations]"
Add component (AddParameter): Name = "Part Number"; Value = "R0201-100k"; VariantName = "[No Variations]"
Add component (AddParameter): Name = "Pin Count"; Value = "2"; VariantName = "[No Variations]"
Add component (AddParameter): Name = "Value"; Value = "1M0"; VariantName = "[No Variations]"
Added Component: Designator=R6(RESC0603X03L_C)
Add component (AddParameter): Name = "Artikkelnr Noca"; Value = "N.A."; VariantName = "[No Variations]"
Add component (AddParameter): Name = "Assembly"; Value = ""; VariantName = "[No Variations]"
Add component (AddParameter): Name = "Author"; Value = "rsk"; VariantName = "[No Variations]"
Add component (AddParameter): Name = "Component Class"; Value = "Resistors"; VariantName = "[No Variations]"
Add component (AddParameter): Name = "ComponentLink1Description"; Value = "Datasheet"; VariantName = "[No Variations]"
Add component (AddParameter): Name = "ComponentLink1URL"; Value = "N.A."; VariantName = "[No Variations]"
Add component (AddParameter): Name = "ComponentLink2Description"; Value = "Supplier link"; VariantName = "[No Variations]"
Add component (AddParameter): Name = "ComponentLink2URL"; Value = "N.A."; VariantName = "[No Variations]"
Add component (AddParameter): Name = "Footprint Doc"; Value = "0201"; VariantName = "[No Variations]"
Add component (AddParameter): Name = "HelpURL"; Value = "N.A."; VariantName = "[No Variations]"
Add component (AddParameter): Name = "LatestRevisionDate"; Value = "2014-11-13"; VariantName = "[No Variations]"
Add component (AddParameter): Name = "Manufacturer"; Value = "N.A."; VariantName = "[No Variations]"
Add component (AddParameter): Name = "Manufacturer Part Number"; Value = "N.A."; VariantName = "[No Variations]"
Add component (AddParameter): Name = "Note"; Value = "Chip Res 1%"; VariantName = "[No Variations]"
Add component (AddParameter): Name = "Pad Count"; Value = "2"; VariantName = "[No Variations]"
Add component (AddParameter): Name = "Part Number"; Value = "R0201-220"; VariantName = "[No Variations]"
Add component (AddParameter): Name = "Part number IPS"; Value = "00000000863"; VariantName = "[No Variations]"
Add component (AddParameter): Name = "Part number Norautron"; Value = "N.A."; VariantName = "[No Variations]"
Add component (AddParameter): Name = "PartId"; Value = "100100032"; VariantName = "[No Variations]"
Add component (AddParameter): Name = "Published"; Value = "2014-11-13"; VariantName = "[No Variations]"
Add component (AddParameter): Name = "Supplier 1"; Value = "N.A."; VariantName = "[No Variations]"
Add component (AddParameter): Name = "Supplier 2"; Value = "N.A."; VariantName = "[No Variations]"
Add component (AddParameter): Name = "Supplier Part Number 1"; Value = "N.A."; VariantName = "[No Variations]"
Add component (AddParameter): Name = "Supplier Part Number 2"; Value = "N.A."; VariantName = "[No Variations]"
Add component (AddParameter): Name = "Value"; Value = "220R"; VariantName = "[No Variations]"
Added Component: Designator=R7(RESC0603X03L_C)
Add component (AddParameter): Name = "Artikkelnr Noca"; Value = "N.A."; VariantName = "[No Variations]"
Add component (AddParameter): Name = "Assembly"; Value = ""; VariantName = "[No Variations]"
Add component (AddParameter): Name = "Author"; Value = "rsk"; VariantName = "[No Variations]"
Add component (AddParameter): Name = "Component Class"; Value = "Resistors"; VariantName = "[No Variations]"
Add component (AddParameter): Name = "ComponentLink1Description"; Value = "Datasheet"; VariantName = "[No Variations]"
Add component (AddParameter): Name = "ComponentLink1URL"; Value = "N.A."; VariantName = "[No Variations]"
Add component (AddParameter): Name = "ComponentLink2Description"; Value = "Supplier link"; VariantName = "[No Variations]"
Add component (AddParameter): Name = "ComponentLink2URL"; Value = "N.A."; VariantName = "[No Variations]"
Add component (AddParameter): Name = "Footprint Doc"; Value = "0201"; VariantName = "[No Variations]"
Add component (AddParameter): Name = "HelpURL"; Value = "N.A."; VariantName = "[No Variations]"
Add component (AddParameter): Name = "LatestRevisionDate"; Value = "2014-11-13"; VariantName = "[No Variations]"
Add component (AddParameter): Name = "Manufacturer"; Value = "N.A."; VariantName = "[No Variations]"
Add component (AddParameter): Name = "Manufacturer Part Number"; Value = "N.A."; VariantName = "[No Variations]"
Add component (AddParameter): Name = "Note"; Value = "Chip Res 1%"; VariantName = "[No Variations]"
Add component (AddParameter): Name = "Pad Count"; Value = "2"; VariantName = "[No Variations]"
Add component (AddParameter): Name = "Part Number"; Value = "R0201-220"; VariantName = "[No Variations]"
Add component (AddParameter): Name = "Part number IPS"; Value = "00000000863"; VariantName = "[No Variations]"
Add component (AddParameter): Name = "Part number Norautron"; Value = "N.A."; VariantName = "[No Variations]"
Add component (AddParameter): Name = "PartId"; Value = "100100032"; VariantName = "[No Variations]"
Add component (AddParameter): Name = "Published"; Value = "2014-11-13"; VariantName = "[No Variations]"
Add component (AddParameter): Name = "Supplier 1"; Value = "N.A."; VariantName = "[No Variations]"
Add component (AddParameter): Name = "Supplier 2"; Value = "N.A."; VariantName = "[No Variations]"
Add component (AddParameter): Name = "Supplier Part Number 1"; Value = "N.A."; VariantName = "[No Variations]"
Add component (AddParameter): Name = "Supplier Part Number 2"; Value = "N.A."; VariantName = "[No Variations]"
Add component (AddParameter): Name = "Value"; Value = "220R"; VariantName = "[No Variations]"
Added Component: Designator=R8(RESC0603X03L_C)
Add component (AddParameter): Name = "Author"; Value = "rsk"; VariantName = "[No Variations]"
Add component (AddParameter): Name = "Class"; Value = "SMT"; VariantName = "[No Variations]"
Add component (AddParameter): Name = "ComponentLink1Description"; Value = "Datasheet"; VariantName = "[No Variations]"
Add component (AddParameter): Name = "ComponentLink1URL"; Value = "N.A."; VariantName = "[No Variations]"
Add component (AddParameter): Name = "ComponentLink2Description"; Value = "Supplier link"; VariantName = "[No Variations]"
Add component (AddParameter): Name = "ComponentLink2URL"; Value = "N.A."; VariantName = "[No Variations]"
Add component (AddParameter): Name = "DigiKey link"; Value = "00000001419"; VariantName = "[No Variations]"
Add component (AddParameter): Name = "JLCpcb link"; Value = "Chip Res 1%"; VariantName = "[No Variations]"
Add component (AddParameter): Name = "Latest Revision Date"; Value = "2024-04-23"; VariantName = "[No Variations]"
Add component (AddParameter): Name = "Manufacturer"; Value = "N.A."; VariantName = "[No Variations]"
Add component (AddParameter): Name = "Mouser link"; Value = "N.A."; VariantName = "[No Variations]"
Add component (AddParameter): Name = "Package"; Value = "0201"; VariantName = "[No Variations]"
Add component (AddParameter): Name = "Part Number"; Value = "R0201-100k"; VariantName = "[No Variations]"
Add component (AddParameter): Name = "Pin Count"; Value = "2"; VariantName = "[No Variations]"
Add component (AddParameter): Name = "Value"; Value = "1M0"; VariantName = "[No Variations]"
Added Component: Designator=R10(RESC0603X03L_C)
Add component (AddParameter): Name = "Author"; Value = "rsk"; VariantName = "[No Variations]"
Add component (AddParameter): Name = "Class"; Value = "SMT"; VariantName = "[No Variations]"
Add component (AddParameter): Name = "ComponentLink1Description"; Value = "Datasheet"; VariantName = "[No Variations]"
Add component (AddParameter): Name = "ComponentLink1URL"; Value = "N.A."; VariantName = "[No Variations]"
Add component (AddParameter): Name = "ComponentLink2Description"; Value = "Supplier link"; VariantName = "[No Variations]"
Add component (AddParameter): Name = "ComponentLink2URL"; Value = "N.A."; VariantName = "[No Variations]"
Add component (AddParameter): Name = "DigiKey link"; Value = "00000001419"; VariantName = "[No Variations]"
Add component (AddParameter): Name = "JLCpcb link"; Value = "Chip Res 1%"; VariantName = "[No Variations]"
Add component (AddParameter): Name = "Latest Revision Date"; Value = "2024-04-23"; VariantName = "[No Variations]"
Add component (AddParameter): Name = "Manufacturer"; Value = "N.A."; VariantName = "[No Variations]"
Add component (AddParameter): Name = "Mouser link"; Value = "N.A."; VariantName = "[No Variations]"
Add component (AddParameter): Name = "Package"; Value = "0201"; VariantName = "[No Variations]"
Add component (AddParameter): Name = "Part Number"; Value = "R0201-100k"; VariantName = "[No Variations]"
Add component (AddParameter): Name = "Pin Count"; Value = "2"; VariantName = "[No Variations]"
Add component (AddParameter): Name = "Value"; Value = "1M0"; VariantName = "[No Variations]"
Added Component: Designator=SW1(KLS-TS3401)
Add component (AddParameter): Name = "Artikkelnr Noca"; Value = "N.A."; VariantName = "[No Variations]"
Add component (AddParameter): Name = "Assembly"; Value = ""; VariantName = "[No Variations]"
Add component (AddParameter): Name = "Author"; Value = "rubr"; VariantName = "[No Variations]"
Add component (AddParameter): Name = "Component Class"; Value = "Switches"; VariantName = "[No Variations]"
Add component (AddParameter): Name = "ComponentLink1Description"; Value = "Datasheet"; VariantName = "[No Variations]"
Add component (AddParameter): Name = "ComponentLink1URL"; Value = "\\hizz\pro\app9717\Datasheet\switches\KLS\L-KLS7-TS3401-2.5-160-T-B.pdf"; VariantName = "[No Variations]"
Add component (AddParameter): Name = "ComponentLink2Description"; Value = "Supplier link"; VariantName = "[No Variations]"
Add component (AddParameter): Name = "ComponentLink2URL"; Value = "N.A."; VariantName = "[No Variations]"
Add component (AddParameter): Name = "Footprint Doc"; Value = "KLS-TS3401"; VariantName = "[No Variations]"
Add component (AddParameter): Name = "HelpURL"; Value = "N.A."; VariantName = "[No Variations]"
Add component (AddParameter): Name = "LatestRevisionDate"; Value = "2021-09-22"; VariantName = "[No Variations]"
Add component (AddParameter): Name = "Manufacturer"; Value = "KLS"; VariantName = "[No Variations]"
Add component (AddParameter): Name = "Manufacturer Part Number"; Value = "KLS7-TS3401-2.5-160R"; VariantName = "[No Variations]"
Add component (AddParameter): Name = "Note"; Value = "N.A."; VariantName = "[No Variations]"
Add component (AddParameter): Name = "Pad Count"; Value = "4"; VariantName = "[No Variations]"
Add component (AddParameter): Name = "Part Number"; Value = "KLS7-TS3401-2.5-160R"; VariantName = "[No Variations]"
Add component (AddParameter): Name = "Part number IPS"; Value = "N.A."; VariantName = "[No Variations]"
Add component (AddParameter): Name = "Part number Norautron"; Value = "N.A."; VariantName = "[No Variations]"
Add component (AddParameter): Name = "Published"; Value = "2021-09-22"; VariantName = "[No Variations]"
Add component (AddParameter): Name = "Supplier 1"; Value = "Cabcon"; VariantName = "[No Variations]"
Add component (AddParameter): Name = "Supplier 2"; Value = "N.A."; VariantName = "[No Variations]"
Add component (AddParameter): Name = "Supplier Part Number 1"; Value = "KLS7-TS3401-2.5-160R"; VariantName = "[No Variations]"
Add component (AddParameter): Name = "Supplier Part Number 2"; Value = "N.A."; VariantName = "[No Variations]"
Add component (AddParameter): Name = "Value"; Value = "PB SW"; VariantName = "[No Variations]"
Added Component: Designator=TP1(TP_SMD_D1.0mm)
Add component (AddParameter): Name = "Artikkelnr Noca"; Value = "N.A."; VariantName = "[No Variations]"
Add component (AddParameter): Name = "Assembly"; Value = ""; VariantName = "[No Variations]"
Add component (AddParameter): Name = "Author"; Value = "rsk"; VariantName = "[No Variations]"
Add component (AddParameter): Name = "Component Class"; Value = "Connectors"; VariantName = "[No Variations]"
Add component (AddParameter): Name = "ComponentLink1Description"; Value = "Datasheet"; VariantName = "[No Variations]"
Add component (AddParameter): Name = "ComponentLink1URL"; Value = "N.A."; VariantName = "[No Variations]"
Add component (AddParameter): Name = "ComponentLink2Description"; Value = "Supplier link"; VariantName = "[No Variations]"
Add component (AddParameter): Name = "ComponentLink2URL"; Value = "N.A."; VariantName = "[No Variations]"
Add component (AddParameter): Name = "Footprint Doc"; Value = "TP_SMD_1.0mm"; VariantName = "[No Variations]"
Add component (AddParameter): Name = "HelpURL"; Value = "N.A."; VariantName = "[No Variations]"
Add component (AddParameter): Name = "LatestRevisionDate"; Value = "2021-03-05"; VariantName = "[No Variations]"
Add component (AddParameter): Name = "Manufacturer"; Value = "Nordic Semiconductor"; VariantName = "[No Variations]"
Add component (AddParameter): Name = "Manufacturer Part Number"; Value = "N.A."; VariantName = "[No Variations]"
Add component (AddParameter): Name = "Note"; Value = "N.A."; VariantName = "[No Variations]"
Add component (AddParameter): Name = "Pad Count"; Value = "1"; VariantName = "[No Variations]"
Add component (AddParameter): Name = "Part Number"; Value = "TP_SMD_1.0MM"; VariantName = "[No Variations]"
Add component (AddParameter): Name = "Part number IPS"; Value = "N.A."; VariantName = "[No Variations]"
Add component (AddParameter): Name = "Part number Norautron"; Value = "N.A."; VariantName = "[No Variations]"
Add component (AddParameter): Name = "PartId"; Value = "100500475"; VariantName = "[No Variations]"
Add component (AddParameter): Name = "Published"; Value = "2013-06-11"; VariantName = "[No Variations]"
Add component (AddParameter): Name = "Supplier 1"; Value = "N.A."; VariantName = "[No Variations]"
Add component (AddParameter): Name = "Supplier 2"; Value = "N.A."; VariantName = "[No Variations]"
Add component (AddParameter): Name = "Supplier Part Number 1"; Value = "N.A."; VariantName = "[No Variations]"
Add component (AddParameter): Name = "Supplier Part Number 2"; Value = "N.A."; VariantName = "[No Variations]"
Add component (AddParameter): Name = "Value"; Value = "1.0mm,SMD"; VariantName = "[No Variations]"
Added Component: Designator=U7(V2S200D18)
Add component (AddParameter): Name = "DeviceName"; Value = ""; VariantName = "[No Variations]"
Add component (AddParameter): Name = "DeviceSetName"; Value = "V2S200D-1-8"; VariantName = "[No Variations]"
Add component (AddParameter): Name = "GateName_1"; Value = "G$1"; VariantName = "[No Variations]"
Add component (AddParameter): Name = "Height"; Value = "1.03mm"; VariantName = "[No Variations]"
Add component (AddParameter): Name = "LibraryName"; Value = "V2S200D-1-8"; VariantName = "[No Variations]"
Add component (AddParameter): Name = "Manufacturer_Name"; Value = "Knowles"; VariantName = "[No Variations]"
Add component (AddParameter): Name = "Manufacturer_Part_Number"; Value = "V2S200D-1-8"; VariantName = "[No Variations]"
Add component (AddParameter): Name = "Mouser_Part_Number"; Value = "721-V2S200D-1-8"; VariantName = "[No Variations]"
Add component (AddParameter): Name = "Mouser_Price-Stock"; Value = "https://www.mouser.co.uk/ProductDetail/Knowles/V2S200D-1-8?qs=ulEaXIWI0c83wNc0KwH8Ig%3D%3D"; VariantName = "[No Variations]"
Add component (AddParameter): Name = "Package"; Value = "V2S200D18"; VariantName = "[No Variations]"
Add component (AddParameter): Name = "Part Number"; Value = "V2S200D-1-8"; VariantName = "[No Variations]"
Added Pin To Net: NetName=VDD_nRF Pin=C25-1
Added Pin To Net: NetName=GND Pin=C37-1
Added Pin To Net: NetName=GND Pin=C38-1
Added Pin To Net: NetName=GND Pin=J1-2
Added Pin To Net: NetName=GND Pin=J1-2
Added Pin To Net: NetName=GND Pin=J1-2
Added Pin To Net: NetName=GND Pin=J1-2
Added Pin To Net: NetName=RF Pin=J1-3
Added Pin To Net: NetName=GND Pin=J2-1
Add Pin To Net: Unknown Pin: Pin J3-S1
Add Pin To Net: Unknown Pin: Pin J3-S2
Add Pin To Net: Unknown Pin: Pin J3-S3
Add Pin To Net: Unknown Pin: Pin J3-S4
Added Pin To Net: NetName=VDD_nRF Pin=L5-1
Added Pin To Net: NetName=VDD_nRF Pin=LD1-2
Added Pin To Net: NetName=VDD_nRF Pin=LD2-2
Added Pin To Net: NetName=VDD_nRF Pin=P1-1
Added Pin To Net: NetName=SWDIO Pin=P1-2
Added Pin To Net: NetName=GND Pin=P1-3
Added Pin To Net: NetName=SWDCLK Pin=P1-4
Added Pin To Net: NetName=GND Pin=P1-5
Added Pin To Net: NetName=GND Pin=P1-9
Added Pin To Net: NetName=R\E\S\E\T\ Pin=P1-10
Added Pin To Net: NetName=GND Pin=Q1-1
Added Pin To Net: NetName=P0.04/AIN0 Pin=Q1-2
Added Pin To Net: NetName=P0.05/AIN1 Pin=Q2-5
Added Pin To Net: NetName=P0.03/NFC2 Pin=R2-1
Added Pin To Net: NetName=GND Pin=R3-2
Added Pin To Net: NetName=GND Pin=R4-1
Added Pin To Net: NetName=P0.03/NFC2 Pin=R4-2
Added Pin To Net: NetName=GND Pin=R5-1
Added Pin To Net: NetName=P0.04/AIN0 Pin=R5-2
Added Pin To Net: NetName=NetLD1_1 Pin=R6-2
Added Pin To Net: NetName=NetLD2_1 Pin=R7-2
Added Pin To Net: NetName=P0.05/AIN1 Pin=R10-2
Added Pin To Net: NetName=P0.02/NFC1 Pin=SW1-1
Added Pin To Net: NetName=P0.02/NFC1 Pin=SW1-1
Added Pin To Net: NetName=GND Pin=SW1-2
Added Pin To Net: NetName=GND Pin=SW1-2
Added Pin To Net: NetName=ACC_INT2 Pin=U1-C4
Added Pin To Net: NetName=ACC_INT1 Pin=U1-E2
Added Pin To Net: NetName=FLASH_WP Pin=U1-H3
Added Pin To Net: NetName=FLASH_CS Pin=U1-J4
Added Pin To Net: NetName=ACC_CS Pin=U1-K2
Added Pin To Net: NetName=FLASH_RESET Pin=U1-K4
Added Pin To Net: NetName=VDD_nRF Pin=U4-B5
Added Pin To Net: NetName=P0.31 Pin=U4-D5
Added Pin To Net: NetName=P1.00 Pin=U4-E3
Added Pin To Net: NetName=P1.01 Pin=U4-E4
Added Pin To Net: NetName=GND Pin=U7-3
Added Pin To Net: NetName=GND Pin=U7-4
Added Pin To Net: NetName=D_N Pin=U1-A11
Added Pin To Net: NetName=D_N Pin=U4-A1
Added Net: Name=D_N
Added Pin To Net: NetName=D_P Pin=U1-A12
Added Pin To Net: NetName=D_P Pin=U4-A2
Added Net: Name=D_P
Added Pin To Net: NetName=NetA1_1 Pin=A1-1
Added Pin To Net: NetName=NetA1_1 Pin=C36-1
Added Net: Name=NetA1_1
Added Pin To Net: NetName=NetC35_1 Pin=C35-1
Added Pin To Net: NetName=NetC35_1 Pin=J1-1
Added Net: Name=NetC35_1
Added Pin To Net: NetName=NetC35_2 Pin=C35-2
Added Pin To Net: NetName=NetC35_2 Pin=C36-2
Added Pin To Net: NetName=NetC35_2 Pin=C37-2
Added Net: Name=NetC35_2
Added Pin To Net: NetName=NetC38_2 Pin=C38-2
Added Pin To Net: NetName=NetC38_2 Pin=J2-2
Added Pin To Net: NetName=NetC38_2 Pin=TP1-1
Added Pin To Net: NetName=NetC38_2 Pin=U4-E1
Added Net: Name=NetC38_2
Added Pin To Net: NetName=NetJ3_1 Pin=J3-1
Added Net: Name=NetJ3_1
Added Pin To Net: NetName=NetQ1_3 Pin=Q1-3
Added Pin To Net: NetName=NetQ1_3 Pin=R2-2
Added Net: Name=NetQ1_3
Added Pin To Net: NetName=NetQ1_5 Pin=Q1-5
Added Pin To Net: NetName=NetQ1_5 Pin=Q1-6
Added Pin To Net: NetName=NetQ1_5 Pin=R1-1
Added Net: Name=NetQ1_5
Added Pin To Net: NetName=NetQ2_1 Pin=Q2-1
Added Pin To Net: NetName=NetQ2_1 Pin=R8-1
Added Net: Name=NetQ2_1
Added Pin To Net: NetName=NetQ2_2 Pin=Q2-2
Added Pin To Net: NetName=NetQ2_2 Pin=R8-2
Added Net: Name=NetQ2_2
Added Pin To Net: NetName=NetQ2_3 Pin=Q2-3
Added Pin To Net: NetName=NetQ2_3 Pin=R7-1
Added Net: Name=NetQ2_3
Added Pin To Net: NetName=NetQ2_4 Pin=Q2-4
Added Pin To Net: NetName=NetQ2_4 Pin=R10-1
Added Net: Name=NetQ2_4
Added Pin To Net: NetName=NetQ2_6 Pin=Q2-6
Added Pin To Net: NetName=NetQ2_6 Pin=R6-1
Added Net: Name=NetQ2_6
Added Pin To Net: NetName=NetR3_1 Pin=R3-1
Added Pin To Net: NetName=NetR3_1 Pin=U4-E2
Added Net: Name=NetR3_1
Added Pin To Net: NetName=NetU7_1 Pin=U7-1
Added Net: Name=NetU7_1
Added Pin To Net: NetName=NetU7_2 Pin=U7-2
Added Net: Name=NetU7_2
Added Pin To Net: NetName=NetU7_6 Pin=U7-6
Added Net: Name=NetU7_6
Added Pin To Net: NetName=P0.11/TRACEDATA0 Pin=P1-6
Added Pin To Net: NetName=P0.11/TRACEDATA0 Pin=U1-J7
Added Net: Name=P0.11/TRACEDATA0
Added Pin To Net: NetName=P0.12/TRACECLK Pin=U1-J6
Added Net: Name=P0.12/TRACECLK
Added Pin To Net: NetName=P0.13/QSPI0 Pin=U1-K10
Added Net: Name=P0.13/QSPI0
Added Pin To Net: NetName=P0.14/QSPI1 Pin=U1-K9
Added Net: Name=P0.14/QSPI1
Added Pin To Net: NetName=P0.15/QSPI2 Pin=U1-L9
Added Net: Name=P0.15/QSPI2
Added Pin To Net: NetName=P0.16/QSPI3 Pin=U1-K8
Added Net: Name=P0.16/QSPI3
Added Pin To Net: NetName=VBAT Pin=J2-3
Added Pin To Net: NetName=VBAT Pin=Q1-4
Added Pin To Net: NetName=VBAT Pin=R1-2
Added Pin To Net: NetName=VBAT Pin=U4-D1
Added Pin To Net: NetName=VBAT Pin=U4-D2
Added Net: Name=VBAT
Change Class Name : Old Net Name=Tiresias_MCU New Net Name=U_Tiresias_MCU
Change Class Name : Old Net Name=Tiresias_misc New Net Name=U_Tiresias_misc
Change Class Name : Old Net Name=Tiresias_PMIC New Net Name=U_Tiresias_PMIC
Added Class: Name=U_Tiresias_audio_codec
Added Member To Class: ClassName=U_Tiresias_MCU Member=Component A1 2450AT18B100
Added Member To Class: ClassName=U_Tiresias_MCU Member=Component C35 N.C.
Added Member To Class: ClassName=U_Tiresias_MCU Member=Component C36 N.C.
Added Member To Class: ClassName=U_Tiresias_MCU Member=Component C37 N.C.
Added Member To Class: ClassName=U_Tiresias_PMIC Member=Component C38 100nF
Added Member To Class: ClassName=U_Tiresias_MCU Member=Component J1 MM8130-2600
Added Member To Class: ClassName=U_Tiresias_misc Member=Component J2 HDR-3, 1mm
Added Member To Class: ClassName=U_Tiresias_misc Member=Component J3 MMCX-J-P-H-RA-TH1
Added Member To Class: ClassName=U_Tiresias_misc Member=Component LD1 L0603R
Added Member To Class: ClassName=U_Tiresias_misc Member=Component LD2 L0603R
Added Member To Class: ClassName=U_Tiresias_misc Member=Component P1 Pin Header 2x5, 1.27mm
Added Member To Class: ClassName=U_Tiresias_misc Member=Component Q2 DMN26D0UDJ
Added Member To Class: ClassName=U_Tiresias_PMIC Member=Component R4 220k
Added Member To Class: ClassName=U_Tiresias_PMIC Member=Component R5 1M0
Added Member To Class: ClassName=U_Tiresias_misc Member=Component R6 220R
Added Member To Class: ClassName=U_Tiresias_misc Member=Component R7 220R
Added Member To Class: ClassName=U_Tiresias_misc Member=Component R8 1M0
Added Member To Class: ClassName=U_Tiresias_misc Member=Component R10 1M0
Added Member To Class: ClassName=U_Tiresias_misc Member=Component SW1 PB SW
Added Member To Class: ClassName=U_Tiresias_PMIC Member=Component TP1 1.0mm,SMD
Added Member To Class: ClassName=U_Tiresias_misc Member=Component U7 Sensor Voltage Surface Mount   Source:  Datasheet
Added Rule: Name=Schematic Supply Nets
Added Rule: Name=Schematic Supply Nets_1
Added Rule: Name=Schematic Supply Nets_2
