Removed Pin From Net: NetName=GND Pin=U2-2
Removed Pin From Net: NetName=DVDD_EXT Pin=U2-3
Removed Pin From Net: NetName=VSYS Pin=U2-6
Removed Pin From Net: NetName=DVDD_EXT Pin=U2-8
Removed Member From Class: ClassName=U_Tiresias_PMIC Member=U2
Added Component: Designator=IC?(XCL232B051KRG)
Add component (AddParameter): Name = "DeviceName"; Value = ""; VariantName = "[No Variations]"
Add component (AddParameter): Name = "DeviceSetName"; Value = "XCL232D091KR-G"; VariantName = "[No Variations]"
Add component (AddParameter): Name = "GateName_1"; Value = "G$1"; VariantName = "[No Variations]"
Add component (AddParameter): Name = "Height"; Value = "1.04mm"; VariantName = "[No Variations]"
Add component (AddParameter): Name = "LibraryName"; Value = "XCL232D091KR-G"; VariantName = "[No Variations]"
Add component (AddParameter): Name = "Manufacturer_Name"; Value = "Torex"; VariantName = "[No Variations]"
Add component (AddParameter): Name = "Manufacturer_Part_Number"; Value = "XCL232D091KR-G"; VariantName = "[No Variations]"
Add component (AddParameter): Name = "Mouser_Part_Number"; Value = "865-XCL232D091KR-G"; VariantName = "[No Variations]"
Add component (AddParameter): Name = "Mouser_Price-Stock"; Value = "https://www.mouser.co.uk/ProductDetail/Torex-Semiconductor/XCL232D091KR-G?qs=Znm5pLBrcAIAF3XJtDZJsg%3D%3D"; VariantName = "[No Variations]"
Add component (AddParameter): Name = "Package"; Value = "XCL232B051KRG"; VariantName = "[No Variations]"
Add component (AddParameter): Name = "SymbolName_1"; Value = "XCL232D091KR-G"; VariantName = "[No Variations]"
Added Pin To Net: NetName=GND Pin=IC?-2
Added Pin To Net: NetName=DVDD_EXT Pin=IC?-3
Added Pin To Net: NetName=VSYS Pin=IC?-6
Added Pin To Net: NetName=DVDD_EXT Pin=IC?-8
Added Pin To Net: NetName=NetIC?_1 Pin=IC?-1
Added Pin To Net: NetName=NetIC?_1 Pin=IC?-7
Added Net: Name=NetIC?_1
Added Pin To Net: NetName=NetIC?_4 Pin=IC?-4
Added Pin To Net: NetName=NetIC?_4 Pin=SB13-2
Added Net: Name=NetIC?_4
Added Member To Class: ClassName=U_Tiresias_PMIC Member=Component IC? 0.9V Ultra-Low Quiescent Current, Inductor Built-in Step-Down DC/DC Converter, CL-2025-03   Source:  Datasheet
Added Rule: Name=Schematic Routing Via Style
Added Rule: Name=Schematic Supply Nets_3
