Change Component Footprint: Designator=TP38 Old Footprint=TP_SMD_D1.5mm New Footprint=TP_SMD_D1.0mm
Change Component Footprint: Designator=TP39 Old Footprint=TP_SMD_D1.5mm New Footprint=TP_SMD_D1.0mm
Change Component Footprint: Designator=TP40 Old Footprint=TP_SMD_D1.5mm New Footprint=TP_SMD_D1.0mm
Change Component Footprint: Designator=TP41 Old Footprint=TP_SMD_D1.5mm New Footprint=TP_SMD_D1.0mm
Change Component Comment : Designator=TP38 Old Comment=Ø1.5mm,SMD New Comment=Ø1.0mm,SMD
Change Component Comment : Designator=TP39 Old Comment=Ø1.5mm,SMD New Comment=Ø1.0mm,SMD
Change Component Comment : Designator=TP40 Old Comment=Ø1.5mm,SMD New Comment=Ø1.0mm,SMD
Change Component Comment : Designator=TP41 Old Comment=Ø1.5mm,SMD New Comment=Ø1.0mm,SMD
Change component parameters: Designator = "TP38" ("TP38"); Footprint = "TP_SMD_D1.5mm"; UniqueID = "\FIYVYMDV\EGUSDNUZ" ("\FIYVYMDV\EGUSDNUZ")
Change component parameters (AddParameter): Name = "Artikkelnr Noca"; Value = "N.A."; VariantName = "[No Variations]"
Change component parameters (AddParameter): Name = "Assembly"; Value = ""; VariantName = "[No Variations]"
Change component parameters (AddParameter): Name = "Author"; Value = "rsk"; VariantName = "[No Variations]"
Change component parameters (AddParameter): Name = "Component Class"; Value = "Connectors"; VariantName = "[No Variations]"
Change component parameters (AddParameter): Name = "ComponentLink1Description"; Value = "Datasheet"; VariantName = "[No Variations]"
Change component parameters (AddParameter): Name = "ComponentLink1URL"; Value = "N.A."; VariantName = "[No Variations]"
Change component parameters (AddParameter): Name = "ComponentLink2Description"; Value = "Supplier link"; VariantName = "[No Variations]"
Change component parameters (AddParameter): Name = "ComponentLink2URL"; Value = "N.A."; VariantName = "[No Variations]"
Change component parameters (AddParameter): Name = "Footprint Doc"; Value = "TP_SMD_Ø1.0mm"; VariantName = "[No Variations]"
Change component parameters (AddParameter): Name = "HelpURL"; Value = "N.A."; VariantName = "[No Variations]"
Change component parameters (AddParameter): Name = "LatestRevisionDate"; Value = "2021-03-05"; VariantName = "[No Variations]"
Change component parameters (AddParameter): Name = "Manufacturer"; Value = "Nordic Semiconductor"; VariantName = "[No Variations]"
Change component parameters (AddParameter): Name = "Manufacturer Part Number"; Value = "N.A."; VariantName = "[No Variations]"
Change component parameters (AddParameter): Name = "Note"; Value = "N.A."; VariantName = "[No Variations]"
Change component parameters (AddParameter): Name = "Pad Count"; Value = "1"; VariantName = "[No Variations]"
Change component parameters (AddParameter): Name = "Part Number"; Value = "TP_SMD_Ø1.0MM"; VariantName = "[No Variations]"
Change component parameters (AddParameter): Name = "Part number IPS"; Value = "N.A."; VariantName = "[No Variations]"
Change component parameters (AddParameter): Name = "Part number Norautron"; Value = "N.A."; VariantName = "[No Variations]"
Change component parameters (AddParameter): Name = "PartId"; Value = "100500475"; VariantName = "[No Variations]"
Change component parameters (AddParameter): Name = "Published"; Value = "2013-06-11"; VariantName = "[No Variations]"
Change component parameters (AddParameter): Name = "Supplier 1"; Value = "N.A."; VariantName = "[No Variations]"
Change component parameters (AddParameter): Name = "Supplier 2"; Value = "N.A."; VariantName = "[No Variations]"
Change component parameters (AddParameter): Name = "Supplier Part Number 1"; Value = "N.A."; VariantName = "[No Variations]"
Change component parameters (AddParameter): Name = "Supplier Part Number 2"; Value = "N.A."; VariantName = "[No Variations]"
Change component parameters (AddParameter): Name = "Value"; Value = "Ø1.0mm,SMD"; VariantName = "[No Variations]"
Change component parameters: Designator = "TP39" ("TP39"); Footprint = "TP_SMD_D1.5mm"; UniqueID = "\FIYVYMDV\SYBSWRKD" ("\FIYVYMDV\SYBSWRKD")
Change component parameters (AddParameter): Name = "Artikkelnr Noca"; Value = "N.A."; VariantName = "[No Variations]"
Change component parameters (AddParameter): Name = "Assembly"; Value = ""; VariantName = "[No Variations]"
Change component parameters (AddParameter): Name = "Author"; Value = "rsk"; VariantName = "[No Variations]"
Change component parameters (AddParameter): Name = "Component Class"; Value = "Connectors"; VariantName = "[No Variations]"
Change component parameters (AddParameter): Name = "ComponentLink1Description"; Value = "Datasheet"; VariantName = "[No Variations]"
Change component parameters (AddParameter): Name = "ComponentLink1URL"; Value = "N.A."; VariantName = "[No Variations]"
Change component parameters (AddParameter): Name = "ComponentLink2Description"; Value = "Supplier link"; VariantName = "[No Variations]"
Change component parameters (AddParameter): Name = "ComponentLink2URL"; Value = "N.A."; VariantName = "[No Variations]"
Change component parameters (AddParameter): Name = "Footprint Doc"; Value = "TP_SMD_Ø1.0mm"; VariantName = "[No Variations]"
Change component parameters (AddParameter): Name = "HelpURL"; Value = "N.A."; VariantName = "[No Variations]"
Change component parameters (AddParameter): Name = "LatestRevisionDate"; Value = "2021-03-05"; VariantName = "[No Variations]"
Change component parameters (AddParameter): Name = "Manufacturer"; Value = "Nordic Semiconductor"; VariantName = "[No Variations]"
Change component parameters (AddParameter): Name = "Manufacturer Part Number"; Value = "N.A."; VariantName = "[No Variations]"
Change component parameters (AddParameter): Name = "Note"; Value = "N.A."; VariantName = "[No Variations]"
Change component parameters (AddParameter): Name = "Pad Count"; Value = "1"; VariantName = "[No Variations]"
Change component parameters (AddParameter): Name = "Part Number"; Value = "TP_SMD_Ø1.0MM"; VariantName = "[No Variations]"
Change component parameters (AddParameter): Name = "Part number IPS"; Value = "N.A."; VariantName = "[No Variations]"
Change component parameters (AddParameter): Name = "Part number Norautron"; Value = "N.A."; VariantName = "[No Variations]"
Change component parameters (AddParameter): Name = "PartId"; Value = "100500475"; VariantName = "[No Variations]"
Change component parameters (AddParameter): Name = "Published"; Value = "2013-06-11"; VariantName = "[No Variations]"
Change component parameters (AddParameter): Name = "Supplier 1"; Value = "N.A."; VariantName = "[No Variations]"
Change component parameters (AddParameter): Name = "Supplier 2"; Value = "N.A."; VariantName = "[No Variations]"
Change component parameters (AddParameter): Name = "Supplier Part Number 1"; Value = "N.A."; VariantName = "[No Variations]"
Change component parameters (AddParameter): Name = "Supplier Part Number 2"; Value = "N.A."; VariantName = "[No Variations]"
Change component parameters (AddParameter): Name = "Value"; Value = "Ø1.0mm,SMD"; VariantName = "[No Variations]"
Change component parameters: Designator = "TP40" ("TP40"); Footprint = "TP_SMD_D1.5mm"; UniqueID = "\FIYVYMDV\LSITFIPI" ("\FIYVYMDV\LSITFIPI")
Change component parameters (AddParameter): Name = "Artikkelnr Noca"; Value = "N.A."; VariantName = "[No Variations]"
Change component parameters (AddParameter): Name = "Assembly"; Value = ""; VariantName = "[No Variations]"
Change component parameters (AddParameter): Name = "Author"; Value = "rsk"; VariantName = "[No Variations]"
Change component parameters (AddParameter): Name = "Component Class"; Value = "Connectors"; VariantName = "[No Variations]"
Change component parameters (AddParameter): Name = "ComponentLink1Description"; Value = "Datasheet"; VariantName = "[No Variations]"
Change component parameters (AddParameter): Name = "ComponentLink1URL"; Value = "N.A."; VariantName = "[No Variations]"
Change component parameters (AddParameter): Name = "ComponentLink2Description"; Value = "Supplier link"; VariantName = "[No Variations]"
Change component parameters (AddParameter): Name = "ComponentLink2URL"; Value = "N.A."; VariantName = "[No Variations]"
Change component parameters (AddParameter): Name = "Footprint Doc"; Value = "TP_SMD_Ø1.0mm"; VariantName = "[No Variations]"
Change component parameters (AddParameter): Name = "HelpURL"; Value = "N.A."; VariantName = "[No Variations]"
Change component parameters (AddParameter): Name = "LatestRevisionDate"; Value = "2021-03-05"; VariantName = "[No Variations]"
Change component parameters (AddParameter): Name = "Manufacturer"; Value = "Nordic Semiconductor"; VariantName = "[No Variations]"
Change component parameters (AddParameter): Name = "Manufacturer Part Number"; Value = "N.A."; VariantName = "[No Variations]"
Change component parameters (AddParameter): Name = "Note"; Value = "N.A."; VariantName = "[No Variations]"
Change component parameters (AddParameter): Name = "Pad Count"; Value = "1"; VariantName = "[No Variations]"
Change component parameters (AddParameter): Name = "Part Number"; Value = "TP_SMD_Ø1.0MM"; VariantName = "[No Variations]"
Change component parameters (AddParameter): Name = "Part number IPS"; Value = "N.A."; VariantName = "[No Variations]"
Change component parameters (AddParameter): Name = "Part number Norautron"; Value = "N.A."; VariantName = "[No Variations]"
Change component parameters (AddParameter): Name = "PartId"; Value = "100500475"; VariantName = "[No Variations]"
Change component parameters (AddParameter): Name = "Published"; Value = "2013-06-11"; VariantName = "[No Variations]"
Change component parameters (AddParameter): Name = "Supplier 1"; Value = "N.A."; VariantName = "[No Variations]"
Change component parameters (AddParameter): Name = "Supplier 2"; Value = "N.A."; VariantName = "[No Variations]"
Change component parameters (AddParameter): Name = "Supplier Part Number 1"; Value = "N.A."; VariantName = "[No Variations]"
Change component parameters (AddParameter): Name = "Supplier Part Number 2"; Value = "N.A."; VariantName = "[No Variations]"
Change component parameters (AddParameter): Name = "Value"; Value = "Ø1.0mm,SMD"; VariantName = "[No Variations]"
Change component parameters: Designator = "TP41" ("TP41"); Footprint = "TP_SMD_D1.5mm"; UniqueID = "\FIYVYMDV\SDZXEAGB" ("\FIYVYMDV\SDZXEAGB")
Change component parameters (AddParameter): Name = "Artikkelnr Noca"; Value = "N.A."; VariantName = "[No Variations]"
Change component parameters (AddParameter): Name = "Assembly"; Value = ""; VariantName = "[No Variations]"
Change component parameters (AddParameter): Name = "Author"; Value = "rsk"; VariantName = "[No Variations]"
Change component parameters (AddParameter): Name = "Component Class"; Value = "Connectors"; VariantName = "[No Variations]"
Change component parameters (AddParameter): Name = "ComponentLink1Description"; Value = "Datasheet"; VariantName = "[No Variations]"
Change component parameters (AddParameter): Name = "ComponentLink1URL"; Value = "N.A."; VariantName = "[No Variations]"
Change component parameters (AddParameter): Name = "ComponentLink2Description"; Value = "Supplier link"; VariantName = "[No Variations]"
Change component parameters (AddParameter): Name = "ComponentLink2URL"; Value = "N.A."; VariantName = "[No Variations]"
Change component parameters (AddParameter): Name = "Footprint Doc"; Value = "TP_SMD_Ø1.0mm"; VariantName = "[No Variations]"
Change component parameters (AddParameter): Name = "HelpURL"; Value = "N.A."; VariantName = "[No Variations]"
Change component parameters (AddParameter): Name = "LatestRevisionDate"; Value = "2021-03-05"; VariantName = "[No Variations]"
Change component parameters (AddParameter): Name = "Manufacturer"; Value = "Nordic Semiconductor"; VariantName = "[No Variations]"
Change component parameters (AddParameter): Name = "Manufacturer Part Number"; Value = "N.A."; VariantName = "[No Variations]"
Change component parameters (AddParameter): Name = "Note"; Value = "N.A."; VariantName = "[No Variations]"
Change component parameters (AddParameter): Name = "Pad Count"; Value = "1"; VariantName = "[No Variations]"
Change component parameters (AddParameter): Name = "Part Number"; Value = "TP_SMD_Ø1.0MM"; VariantName = "[No Variations]"
Change component parameters (AddParameter): Name = "Part number IPS"; Value = "N.A."; VariantName = "[No Variations]"
Change component parameters (AddParameter): Name = "Part number Norautron"; Value = "N.A."; VariantName = "[No Variations]"
Change component parameters (AddParameter): Name = "PartId"; Value = "100500475"; VariantName = "[No Variations]"
Change component parameters (AddParameter): Name = "Published"; Value = "2013-06-11"; VariantName = "[No Variations]"
Change component parameters (AddParameter): Name = "Supplier 1"; Value = "N.A."; VariantName = "[No Variations]"
Change component parameters (AddParameter): Name = "Supplier 2"; Value = "N.A."; VariantName = "[No Variations]"
Change component parameters (AddParameter): Name = "Supplier Part Number 1"; Value = "N.A."; VariantName = "[No Variations]"
Change component parameters (AddParameter): Name = "Supplier Part Number 2"; Value = "N.A."; VariantName = "[No Variations]"
Change component parameters (AddParameter): Name = "Value"; Value = "Ø1.0mm,SMD"; VariantName = "[No Variations]"
