Added Component: Designator=C1(CAPC0603X03L_C)
Add component (AddParameter): Name = "Class"; Value = "SMT"; VariantName = "[No Variations]"
Add component (AddParameter): Name = "DigiKey link"; Value = ""; VariantName = "[No Variations]"
Add component (AddParameter): Name = "JLCpcb link"; Value = ""; VariantName = "[No Variations]"
Add component (AddParameter): Name = "LatestRevisionDate"; Value = "2024-03-04"; VariantName = "[No Variations]"
Add component (AddParameter): Name = "Manufacturer"; Value = ""; VariantName = "[No Variations]"
Add component (AddParameter): Name = "Manufacturer Part Number"; Value = ""; VariantName = "[No Variations]"
Add component (AddParameter): Name = "Mouser link"; Value = ""; VariantName = "[No Variations]"
Add component (AddParameter): Name = "Package"; Value = "0201"; VariantName = "[No Variations]"
Add component (AddParameter): Name = "Part Number"; Value = "C0201-0p7"; VariantName = "[No Variations]"
Add component (AddParameter): Name = "Pin Count"; Value = "2"; VariantName = "[No Variations]"
Add component (AddParameter): Name = "Value"; Value = "0.7p"; VariantName = "[No Variations]"
Added Component: Designator=C2(CAPC1005X04L)
Add component (AddParameter): Name = "Class"; Value = "SMT"; VariantName = "[No Variations]"
Add component (AddParameter): Name = "DigiKey link"; Value = ""; VariantName = "[No Variations]"
Add component (AddParameter): Name = "JLCpcb link"; Value = ""; VariantName = "[No Variations]"
Add component (AddParameter): Name = "LatestRevisionDate"; Value = "2024/02/20"; VariantName = "[No Variations]"
Add component (AddParameter): Name = "Manufacturer"; Value = ""; VariantName = "[No Variations]"
Add component (AddParameter): Name = "Manufacturer Part Number"; Value = ""; VariantName = "[No Variations]"
Add component (AddParameter): Name = "Mouser link"; Value = ""; VariantName = "[No Variations]"
Add component (AddParameter): Name = "Package"; Value = "0402"; VariantName = "[No Variations]"
Add component (AddParameter): Name = "Part Number"; Value = "C0402-1µ0"; VariantName = "[No Variations]"
Add component (AddParameter): Name = "Pin Count"; Value = "2"; VariantName = "[No Variations]"
Add component (AddParameter): Name = "Value"; Value = "1uF"; VariantName = "[No Variations]"
Added Component: Designator=C3(CAPC1005X04L)
Add component (AddParameter): Name = "Class"; Value = "SMT"; VariantName = "[No Variations]"
Add component (AddParameter): Name = "DigiKey link"; Value = ""; VariantName = "[No Variations]"
Add component (AddParameter): Name = "JLCpcb link"; Value = ""; VariantName = "[No Variations]"
Add component (AddParameter): Name = "LatestRevisionDate"; Value = "2024/02/20"; VariantName = "[No Variations]"
Add component (AddParameter): Name = "Manufacturer"; Value = ""; VariantName = "[No Variations]"
Add component (AddParameter): Name = "Manufacturer Part Number"; Value = ""; VariantName = "[No Variations]"
Add component (AddParameter): Name = "Mouser link"; Value = ""; VariantName = "[No Variations]"
Add component (AddParameter): Name = "Package"; Value = "0402"; VariantName = "[No Variations]"
Add component (AddParameter): Name = "Part Number"; Value = "C0402-1µ0"; VariantName = "[No Variations]"
Add component (AddParameter): Name = "Pin Count"; Value = "2"; VariantName = "[No Variations]"
Add component (AddParameter): Name = "Value"; Value = "1uF"; VariantName = "[No Variations]"
Added Component: Designator=C4(CAPC0603X03L_C)
Add component (AddParameter): Name = "Class"; Value = "SMT"; VariantName = "[No Variations]"
Add component (AddParameter): Name = "DigiKey link"; Value = ""; VariantName = "[No Variations]"
Add component (AddParameter): Name = "JLCpcb link"; Value = ""; VariantName = "[No Variations]"
Add component (AddParameter): Name = "LatestRevisionDate"; Value = "2024/03/02"; VariantName = "[No Variations]"
Add component (AddParameter): Name = "Manufacturer"; Value = ""; VariantName = "[No Variations]"
Add component (AddParameter): Name = "Manufacturer Part Number"; Value = ""; VariantName = "[No Variations]"
Add component (AddParameter): Name = "Mouser link"; Value = ""; VariantName = "[No Variations]"
Add component (AddParameter): Name = "Package"; Value = "0201"; VariantName = "[No Variations]"
Add component (AddParameter): Name = "Part Number"; Value = "C0201-2n2"; VariantName = "[No Variations]"
Add component (AddParameter): Name = "Pin Count"; Value = "2"; VariantName = "[No Variations]"
Add component (AddParameter): Name = "Value"; Value = "2.2nF"; VariantName = "[No Variations]"
Added Component: Designator=C5(CAPC1005X04L)
Add component (AddParameter): Name = "Class"; Value = "SMT"; VariantName = "[No Variations]"
Add component (AddParameter): Name = "DigiKey link"; Value = ""; VariantName = "[No Variations]"
Add component (AddParameter): Name = "JLCpcb link"; Value = ""; VariantName = "[No Variations]"
Add component (AddParameter): Name = "LatestRevisionDate"; Value = "2024/02/20"; VariantName = "[No Variations]"
Add component (AddParameter): Name = "Manufacturer"; Value = ""; VariantName = "[No Variations]"
Add component (AddParameter): Name = "Manufacturer Part Number"; Value = ""; VariantName = "[No Variations]"
Add component (AddParameter): Name = "Mouser link"; Value = ""; VariantName = "[No Variations]"
Add component (AddParameter): Name = "Package"; Value = "0402"; VariantName = "[No Variations]"
Add component (AddParameter): Name = "Part Number"; Value = "C0402-1µ0"; VariantName = "[No Variations]"
Add component (AddParameter): Name = "Pin Count"; Value = "2"; VariantName = "[No Variations]"
Add component (AddParameter): Name = "Value"; Value = "1uF"; VariantName = "[No Variations]"
Added Component: Designator=C6(CAPC1005X04L)
Add component (AddParameter): Name = "Class"; Value = "SMT"; VariantName = "[No Variations]"
Add component (AddParameter): Name = "DigiKey link"; Value = ""; VariantName = "[No Variations]"
Add component (AddParameter): Name = "JLCpcb link"; Value = ""; VariantName = "[No Variations]"
Add component (AddParameter): Name = "LatestRevisionDate"; Value = "2024/02/20"; VariantName = "[No Variations]"
Add component (AddParameter): Name = "Manufacturer"; Value = ""; VariantName = "[No Variations]"
Add component (AddParameter): Name = "Manufacturer Part Number"; Value = ""; VariantName = "[No Variations]"
Add component (AddParameter): Name = "Mouser link"; Value = ""; VariantName = "[No Variations]"
Add component (AddParameter): Name = "Package"; Value = "0402"; VariantName = "[No Variations]"
Add component (AddParameter): Name = "Part Number"; Value = "C0402-1µ0"; VariantName = "[No Variations]"
Add component (AddParameter): Name = "Pin Count"; Value = "2"; VariantName = "[No Variations]"
Add component (AddParameter): Name = "Value"; Value = "1uF"; VariantName = "[No Variations]"
Added Component: Designator=C7(CAPC0603X03L_C)
Add component (AddParameter): Name = "Class"; Value = "SMT"; VariantName = "[No Variations]"
Add component (AddParameter): Name = "DigiKey link"; Value = ""; VariantName = "[No Variations]"
Add component (AddParameter): Name = "JLCpcb link"; Value = ""; VariantName = "[No Variations]"
Add component (AddParameter): Name = "LatestRevisionDate"; Value = "2024/02/20"; VariantName = "[No Variations]"
Add component (AddParameter): Name = "Manufacturer"; Value = ""; VariantName = "[No Variations]"
Add component (AddParameter): Name = "Manufacturer Part Number"; Value = ""; VariantName = "[No Variations]"
Add component (AddParameter): Name = "Mouser link"; Value = ""; VariantName = "[No Variations]"
Add component (AddParameter): Name = "Package"; Value = "0201"; VariantName = "[No Variations]"
Add component (AddParameter): Name = "Part Number"; Value = "C0201-100n"; VariantName = "[No Variations]"
Add component (AddParameter): Name = "Pin Count"; Value = "2"; VariantName = "[No Variations]"
Add component (AddParameter): Name = "Value"; Value = "100nF"; VariantName = "[No Variations]"
Added Component: Designator=C8(CAPC0603X03L_C)
Add component (AddParameter): Name = "Class"; Value = "SMT"; VariantName = "[No Variations]"
Add component (AddParameter): Name = "DigiKey link"; Value = ""; VariantName = "[No Variations]"
Add component (AddParameter): Name = "JLCpcb link"; Value = ""; VariantName = "[No Variations]"
Add component (AddParameter): Name = "LatestRevisionDate"; Value = "2024/02/20"; VariantName = "[No Variations]"
Add component (AddParameter): Name = "Manufacturer"; Value = ""; VariantName = "[No Variations]"
Add component (AddParameter): Name = "Manufacturer Part Number"; Value = ""; VariantName = "[No Variations]"
Add component (AddParameter): Name = "Mouser link"; Value = ""; VariantName = "[No Variations]"
Add component (AddParameter): Name = "Package"; Value = "0201"; VariantName = "[No Variations]"
Add component (AddParameter): Name = "Part Number"; Value = "C0201-100n"; VariantName = "[No Variations]"
Add component (AddParameter): Name = "Pin Count"; Value = "2"; VariantName = "[No Variations]"
Add component (AddParameter): Name = "Value"; Value = "100nF"; VariantName = "[No Variations]"
Added Component: Designator=C9(CAPC0603X03L_C)
Add component (AddParameter): Name = "Class"; Value = "SMT"; VariantName = "[No Variations]"
Add component (AddParameter): Name = "DigiKey link"; Value = ""; VariantName = "[No Variations]"
Add component (AddParameter): Name = "JLCpcb link"; Value = ""; VariantName = "[No Variations]"
Add component (AddParameter): Name = "LatestRevisionDate"; Value = "2024/02/20"; VariantName = "[No Variations]"
Add component (AddParameter): Name = "Manufacturer"; Value = ""; VariantName = "[No Variations]"
Add component (AddParameter): Name = "Manufacturer Part Number"; Value = ""; VariantName = "[No Variations]"
Add component (AddParameter): Name = "Mouser link"; Value = ""; VariantName = "[No Variations]"
Add component (AddParameter): Name = "Package"; Value = "0201"; VariantName = "[No Variations]"
Add component (AddParameter): Name = "Part Number"; Value = "C0201-100n"; VariantName = "[No Variations]"
Add component (AddParameter): Name = "Pin Count"; Value = "2"; VariantName = "[No Variations]"
Add component (AddParameter): Name = "Value"; Value = "100nF"; VariantName = "[No Variations]"
Added Component: Designator=C10(CAPC1005X04L)
Add component (AddParameter): Name = "Class"; Value = "SMT"; VariantName = "[No Variations]"
Add component (AddParameter): Name = "DigiKey link"; Value = ""; VariantName = "[No Variations]"
Add component (AddParameter): Name = "JLCpcb link"; Value = ""; VariantName = "[No Variations]"
Add component (AddParameter): Name = "LatestRevisionDate"; Value = "2024/02/20"; VariantName = "[No Variations]"
Add component (AddParameter): Name = "Manufacturer"; Value = ""; VariantName = "[No Variations]"
Add component (AddParameter): Name = "Manufacturer Part Number"; Value = ""; VariantName = "[No Variations]"
Add component (AddParameter): Name = "Mouser link"; Value = ""; VariantName = "[No Variations]"
Add component (AddParameter): Name = "Package"; Value = "0402"; VariantName = "[No Variations]"
Add component (AddParameter): Name = "Part Number"; Value = "C0402-1µ0"; VariantName = "[No Variations]"
Add component (AddParameter): Name = "Pin Count"; Value = "2"; VariantName = "[No Variations]"
Add component (AddParameter): Name = "Value"; Value = "1uF"; VariantName = "[No Variations]"
Added Component: Designator=C11(CAPC0603X03L_C)
Add component (AddParameter): Name = "Class"; Value = "SMT"; VariantName = "[No Variations]"
Add component (AddParameter): Name = "DigiKey link"; Value = ""; VariantName = "[No Variations]"
Add component (AddParameter): Name = "JLCpcb link"; Value = ""; VariantName = "[No Variations]"
Add component (AddParameter): Name = "LatestRevisionDate"; Value = "2024/02/20"; VariantName = "[No Variations]"
Add component (AddParameter): Name = "Manufacturer"; Value = ""; VariantName = "[No Variations]"
Add component (AddParameter): Name = "Manufacturer Part Number"; Value = ""; VariantName = "[No Variations]"
Add component (AddParameter): Name = "Mouser link"; Value = ""; VariantName = "[No Variations]"
Add component (AddParameter): Name = "Package"; Value = "0201"; VariantName = "[No Variations]"
Add component (AddParameter): Name = "Part Number"; Value = "C0201-100n"; VariantName = "[No Variations]"
Add component (AddParameter): Name = "Pin Count"; Value = "2"; VariantName = "[No Variations]"
Add component (AddParameter): Name = "Value"; Value = "100nF"; VariantName = "[No Variations]"
Added Component: Designator=C12(CAPC0603X03L_C)
Add component (AddParameter): Name = "Class"; Value = "SMT"; VariantName = "[No Variations]"
Add component (AddParameter): Name = "DigiKey link"; Value = ""; VariantName = "[No Variations]"
Add component (AddParameter): Name = "JLCpcb link"; Value = ""; VariantName = "[No Variations]"
Add component (AddParameter): Name = "LatestRevisionDate"; Value = "2024/02/20"; VariantName = "[No Variations]"
Add component (AddParameter): Name = "Manufacturer"; Value = ""; VariantName = "[No Variations]"
Add component (AddParameter): Name = "Manufacturer Part Number"; Value = ""; VariantName = "[No Variations]"
Add component (AddParameter): Name = "Mouser link"; Value = ""; VariantName = "[No Variations]"
Add component (AddParameter): Name = "Package"; Value = "0201"; VariantName = "[No Variations]"
Add component (AddParameter): Name = "Part Number"; Value = "C0201-100n"; VariantName = "[No Variations]"
Add component (AddParameter): Name = "Pin Count"; Value = "2"; VariantName = "[No Variations]"
Add component (AddParameter): Name = "Value"; Value = "100nF"; VariantName = "[No Variations]"
Added Component: Designator=C13(CAPC0603X03L_C)
Add component (AddParameter): Name = "Class"; Value = "SMT"; VariantName = "[No Variations]"
Add component (AddParameter): Name = "DigiKey link"; Value = ""; VariantName = "[No Variations]"
Add component (AddParameter): Name = "JLCpcb link"; Value = ""; VariantName = "[No Variations]"
Add component (AddParameter): Name = "LatestRevisionDate"; Value = "2024/02/20"; VariantName = "[No Variations]"
Add component (AddParameter): Name = "Manufacturer"; Value = ""; VariantName = "[No Variations]"
Add component (AddParameter): Name = "Manufacturer Part Number"; Value = ""; VariantName = "[No Variations]"
Add component (AddParameter): Name = "Mouser link"; Value = ""; VariantName = "[No Variations]"
Add component (AddParameter): Name = "Package"; Value = "0201"; VariantName = "[No Variations]"
Add component (AddParameter): Name = "Part Number"; Value = "C0201-100n"; VariantName = "[No Variations]"
Add component (AddParameter): Name = "Pin Count"; Value = "2"; VariantName = "[No Variations]"
Add component (AddParameter): Name = "Value"; Value = "100nF"; VariantName = "[No Variations]"
Added Component: Designator=C14(CAPC1005X04L)
Add component (AddParameter): Name = "Class"; Value = "SMT"; VariantName = "[No Variations]"
Add component (AddParameter): Name = "DigiKey link"; Value = ""; VariantName = "[No Variations]"
Add component (AddParameter): Name = "JLCpcb link"; Value = ""; VariantName = "[No Variations]"
Add component (AddParameter): Name = "LatestRevisionDate"; Value = "2024/02/20"; VariantName = "[No Variations]"
Add component (AddParameter): Name = "Manufacturer"; Value = ""; VariantName = "[No Variations]"
Add component (AddParameter): Name = "Manufacturer Part Number"; Value = ""; VariantName = "[No Variations]"
Add component (AddParameter): Name = "Mouser link"; Value = ""; VariantName = "[No Variations]"
Add component (AddParameter): Name = "Package"; Value = "0402"; VariantName = "[No Variations]"
Add component (AddParameter): Name = "Part Number"; Value = "C0402-1µ0"; VariantName = "[No Variations]"
Add component (AddParameter): Name = "Pin Count"; Value = "2"; VariantName = "[No Variations]"
Add component (AddParameter): Name = "Value"; Value = "1uF"; VariantName = "[No Variations]"
Added Component: Designator=C19(CAPC0603X03L_C_NC)
Add component (AddParameter): Name = "Class"; Value = ""; VariantName = "[No Variations]"
Add component (AddParameter): Name = "DigiKey link"; Value = ""; VariantName = "[No Variations]"
Add component (AddParameter): Name = "JLCpcb link"; Value = ""; VariantName = "[No Variations]"
Add component (AddParameter): Name = "LatestRevisionDate"; Value = "2024-03-04"; VariantName = "[No Variations]"
Add component (AddParameter): Name = "Manufacturer"; Value = ""; VariantName = "[No Variations]"
Add component (AddParameter): Name = "Manufacturer Part Number"; Value = ""; VariantName = "[No Variations]"
Add component (AddParameter): Name = "Mouser link"; Value = ""; VariantName = "[No Variations]"
Add component (AddParameter): Name = "Package"; Value = ""; VariantName = "[No Variations]"
Add component (AddParameter): Name = "Part Number"; Value = "C0201-NC"; VariantName = "[No Variations]"
Add component (AddParameter): Name = "Pin Count"; Value = "2"; VariantName = "[No Variations]"
Add component (AddParameter): Name = "Value"; Value = "N.C."; VariantName = "[No Variations]"
Added Component: Designator=L1(INDC0603X03L_C)
Add component (AddParameter): Name = "Class"; Value = "SMT"; VariantName = "[No Variations]"
Add component (AddParameter): Name = "DigiKey link"; Value = ""; VariantName = "[No Variations]"
Add component (AddParameter): Name = "JLCpcb link"; Value = ""; VariantName = "[No Variations]"
Add component (AddParameter): Name = "LatestRevisionDate"; Value = "2024/02/20"; VariantName = "[No Variations]"
Add component (AddParameter): Name = "Manufacturer"; Value = ""; VariantName = "[No Variations]"
Add component (AddParameter): Name = "Manufacturer Part Number"; Value = ""; VariantName = "[No Variations]"
Add component (AddParameter): Name = "Mouser link"; Value = ""; VariantName = "[No Variations]"
Add component (AddParameter): Name = "Package"; Value = "0201"; VariantName = "[No Variations]"
Add component (AddParameter): Name = "Part Number"; Value = "L0201-2n2"; VariantName = "[No Variations]"
Add component (AddParameter): Name = "Pin Count"; Value = "2"; VariantName = "[No Variations]"
Add component (AddParameter): Name = "Value"; Value = "2.2nH"; VariantName = "[No Variations]"
Added Component: Designator=L2(INDC0603X03L_C)
Add component (AddParameter): Name = "Class"; Value = "SMT"; VariantName = "[No Variations]"
Add component (AddParameter): Name = "DigiKey link"; Value = ""; VariantName = "[No Variations]"
Add component (AddParameter): Name = "JLCpcb link"; Value = ""; VariantName = "[No Variations]"
Add component (AddParameter): Name = "LatestRevisionDate"; Value = "2024/02/20"; VariantName = "[No Variations]"
Add component (AddParameter): Name = "Manufacturer"; Value = ""; VariantName = "[No Variations]"
Add component (AddParameter): Name = "Manufacturer Part Number"; Value = ""; VariantName = "[No Variations]"
Add component (AddParameter): Name = "Mouser link"; Value = ""; VariantName = "[No Variations]"
Add component (AddParameter): Name = "Package"; Value = "0201"; VariantName = "[No Variations]"
Add component (AddParameter): Name = "Part Number"; Value = "L0201-2n2"; VariantName = "[No Variations]"
Add component (AddParameter): Name = "Pin Count"; Value = "2"; VariantName = "[No Variations]"
Add component (AddParameter): Name = "Value"; Value = "2.2nH"; VariantName = "[No Variations]"
Added Component: Designator=L3(INDC1608X06L)
Add component (AddParameter): Name = "Class"; Value = "SMT"; VariantName = "[No Variations]"
Add component (AddParameter): Name = "DigiKey link"; Value = ""; VariantName = "[No Variations]"
Add component (AddParameter): Name = "JLCpcb link"; Value = ""; VariantName = "[No Variations]"
Add component (AddParameter): Name = "LatestRevisionDate"; Value = "2024/02/20"; VariantName = "[No Variations]"
Add component (AddParameter): Name = "Manufacturer"; Value = ""; VariantName = "[No Variations]"
Add component (AddParameter): Name = "Manufacturer Part Number"; Value = ""; VariantName = "[No Variations]"
Add component (AddParameter): Name = "Mouser link"; Value = ""; VariantName = "[No Variations]"
Add component (AddParameter): Name = "Package"; Value = "0603"; VariantName = "[No Variations]"
Add component (AddParameter): Name = "Part Number"; Value = "L0603-10µ"; VariantName = "[No Variations]"
Add component (AddParameter): Name = "Pin Count"; Value = "2"; VariantName = "[No Variations]"
Add component (AddParameter): Name = "Value"; Value = "10uH"; VariantName = "[No Variations]"
Added Component: Designator=L4(INDC1608X06L)
Add component (AddParameter): Name = "Class"; Value = "SMT"; VariantName = "[No Variations]"
Add component (AddParameter): Name = "DigiKey link"; Value = ""; VariantName = "[No Variations]"
Add component (AddParameter): Name = "JLCpcb link"; Value = ""; VariantName = "[No Variations]"
Add component (AddParameter): Name = "LatestRevisionDate"; Value = "2024/02/20"; VariantName = "[No Variations]"
Add component (AddParameter): Name = "Manufacturer"; Value = ""; VariantName = "[No Variations]"
Add component (AddParameter): Name = "Manufacturer Part Number"; Value = ""; VariantName = "[No Variations]"
Add component (AddParameter): Name = "Mouser link"; Value = ""; VariantName = "[No Variations]"
Add component (AddParameter): Name = "Package"; Value = "0603"; VariantName = "[No Variations]"
Add component (AddParameter): Name = "Part Number"; Value = "L0603-10µ"; VariantName = "[No Variations]"
Add component (AddParameter): Name = "Pin Count"; Value = "2"; VariantName = "[No Variations]"
Add component (AddParameter): Name = "Value"; Value = "10uH"; VariantName = "[No Variations]"
Added Component: Designator=U1(BGA95C35P12X11_437X397X50)
Add component (AddParameter): Name = "Class"; Value = "logic"; VariantName = "[No Variations]"
Add component (AddParameter): Name = "DigiKey link"; Value = ""; VariantName = "[No Variations]"
Add component (AddParameter): Name = "JLCpcb link"; Value = ""; VariantName = "[No Variations]"
Add component (AddParameter): Name = "Latest Revision Date"; Value = "2024/03/04"; VariantName = "[No Variations]"
Add component (AddParameter): Name = "Manufacturer"; Value = "Nordic Semiconductors"; VariantName = "[No Variations]"
Add component (AddParameter): Name = "Manufacturer Part Number"; Value = "nRF5340-CLAA"; VariantName = "[No Variations]"
Add component (AddParameter): Name = "Mouser link"; Value = ""; VariantName = "[No Variations]"
Add component (AddParameter): Name = "Package"; Value = "WLCSP-95"; VariantName = "[No Variations]"
Add component (AddParameter): Name = "Part Number"; Value = "nRF5340-CLAA"; VariantName = "[No Variations]"
Add component (AddParameter): Name = "Pin Count"; Value = "95"; VariantName = "[No Variations]"
Add component (AddParameter): Name = "Value"; Value = ""; VariantName = "[No Variations]"
Added Component: Designator=X1(BT-XTAL_2016)
Add component (AddParameter): Name = "Class"; Value = "SMT"; VariantName = "[No Variations]"
Add component (AddParameter): Name = "DigiKey link"; Value = ""; VariantName = "[No Variations]"
Add component (AddParameter): Name = "JLCpcb link"; Value = ""; VariantName = "[No Variations]"
Add component (AddParameter): Name = "LatestRevisionDate"; Value = "2024/02/20"; VariantName = "[No Variations]"
Add component (AddParameter): Name = "Manufacturer"; Value = ""; VariantName = "[No Variations]"
Add component (AddParameter): Name = "Manufacturer Part Number"; Value = ""; VariantName = "[No Variations]"
Add component (AddParameter): Name = "Mouser link"; Value = ""; VariantName = "[No Variations]"
Add component (AddParameter): Name = "Package"; Value = "2016"; VariantName = "[No Variations]"
Add component (AddParameter): Name = "Part Number"; Value = "XTAL_SMD2016_32MHz_8pF_General"; VariantName = "[No Variations]"
Add component (AddParameter): Name = "Pin Count"; Value = "4"; VariantName = "[No Variations]"
Add component (AddParameter): Name = "Value"; Value = "32MHz"; VariantName = "[No Variations]"
Added Component: Designator=X2(XTAL_2012)
Add component (AddParameter): Name = "Class"; Value = "SMT"; VariantName = "[No Variations]"
Add component (AddParameter): Name = "DigiKey link"; Value = ""; VariantName = "[No Variations]"
Add component (AddParameter): Name = "JLCpcb link"; Value = ""; VariantName = "[No Variations]"
Add component (AddParameter): Name = "LatestRevisionDate"; Value = "2024/02/20"; VariantName = "[No Variations]"
Add component (AddParameter): Name = "Manufacturer"; Value = ""; VariantName = "[No Variations]"
Add component (AddParameter): Name = "Manufacturer Part Number"; Value = ""; VariantName = "[No Variations]"
Add component (AddParameter): Name = "Mouser link"; Value = ""; VariantName = "[No Variations]"
Add component (AddParameter): Name = "Package"; Value = "2012"; VariantName = "[No Variations]"
Add component (AddParameter): Name = "Part Number"; Value = "XTAL_SMD2012_32.768kHz_9pF_General"; VariantName = "[No Variations]"
Add component (AddParameter): Name = "Pin Count"; Value = "4"; VariantName = "[No Variations]"
Add component (AddParameter): Name = "Value"; Value = "32.768kHz"; VariantName = "[No Variations]"
Added Pin To Net: NetName=GND Pin=C1-1
Added Pin To Net: NetName=GND Pin=C2-1
Added Pin To Net: NetName=VDD_nRF Pin=C2-2
Added Pin To Net: NetName=GND Pin=C3-1
Added Pin To Net: NetName=GND Pin=C4-1
Added Pin To Net: NetName=GND Pin=C5-1
Added Pin To Net: NetName=GND Pin=C6-1
Added Pin To Net: NetName=GND Pin=C7-1
Added Pin To Net: NetName=GND Pin=C8-1
Added Pin To Net: NetName=VDD_nRF Pin=C8-2
Added Pin To Net: NetName=GND Pin=C9-1
Added Pin To Net: NetName=VDD_nRF Pin=C9-2
Added Pin To Net: NetName=GND Pin=C10-1
Added Pin To Net: NetName=VDD_nRF Pin=C10-2
Added Pin To Net: NetName=GND Pin=C11-1
Added Pin To Net: NetName=VDD_nRF Pin=C11-2
Added Pin To Net: NetName=GND Pin=C12-1
Added Pin To Net: NetName=VDD_nRF Pin=C12-2
Added Pin To Net: NetName=GND Pin=C13-1
Added Pin To Net: NetName=VDD_nRF Pin=C13-2
Added Pin To Net: NetName=GND Pin=C14-1
Added Pin To Net: NetName=VDD_nRF Pin=C14-2
Added Pin To Net: NetName=GND Pin=C19-1
Added Pin To Net: NetName=NetL1_1 Pin=L1-1
Added Pin To Net: NetName=NetL3_2 Pin=L3-2
Added Pin To Net: NetName=VDD_nRF Pin=U1-A3
Added Pin To Net: NetName=GND Pin=U1-A5
Added Pin To Net: NetName=GND Pin=U1-B2
Added Pin To Net: NetName=NetL3_2 Pin=U1-B6
Added Pin To Net: NetName=VDD_nRF Pin=U1-B7
Added Pin To Net: NetName=GND Pin=U1-B9
Added Pin To Net: NetName=VDD_nRF Pin=U1-B10
Added Pin To Net: NetName=GND Pin=U1-B11
Added Pin To Net: NetName=VDD_nRF Pin=U1-B12
Added Pin To Net: NetName=GND Pin=U1-C2
Added Pin To Net: NetName=NetL1_1 Pin=U1-D1
Added Pin To Net: NetName=VDD_nRF Pin=U1-D2
Added Pin To Net: NetName=GND Pin=U1-D12
Added Pin To Net: NetName=GND Pin=U1-E5
Added Pin To Net: NetName=GND Pin=U1-E6
Added Pin To Net: NetName=GND Pin=U1-E7
Added Pin To Net: NetName=GND Pin=U1-E8
Added Pin To Net: NetName=VDD_nRF Pin=U1-E11
Added Pin To Net: NetName=SWDIO Pin=U1-F1
Added Pin To Net: NetName=SWDCLK Pin=U1-F2
Added Pin To Net: NetName=GND Pin=U1-F5
Added Pin To Net: NetName=GND Pin=U1-F6
Added Pin To Net: NetName=GND Pin=U1-F7
Added Pin To Net: NetName=GND Pin=U1-F8
Added Pin To Net: NetName=P0.00/XL1 Pin=U1-F11
Added Pin To Net: NetName=P0.01/XL2 Pin=U1-F12
Added Pin To Net: NetName=GND Pin=U1-G5
Added Pin To Net: NetName=GND Pin=U1-G6
Added Pin To Net: NetName=GND Pin=U1-G7
Added Pin To Net: NetName=GND Pin=U1-G8
Added Pin To Net: NetName=VDD_nRF Pin=U1-H11
Added Pin To Net: NetName=VDD_nRF Pin=U1-K1
Added Pin To Net: NetName=P0.20 Pin=U1-K5
Added Pin To Net: NetName=GND Pin=U1-K6
Added Pin To Net: NetName=GND Pin=U1-K11
Added Pin To Net: NetName=VDD_nRF Pin=U1-L5
Added Pin To Net: NetName=VDD_nRF Pin=U1-L11
Added Pin To Net: NetName=GND Pin=X1-2
Added Pin To Net: NetName=GND Pin=X1-4
Added Pin To Net: NetName=P0.01/XL2 Pin=X2-1
Added Pin To Net: NetName=P0.00/XL1 Pin=X2-2
Added Pin To Net: NetName=NetC1_2 Pin=C1-2
Added Pin To Net: NetName=NetC1_2 Pin=L1-2
Added Pin To Net: NetName=NetC1_2 Pin=L2-1
Added Net: Name=NetC1_2
Added Pin To Net: NetName=NetC3_2 Pin=C3-2
Added Pin To Net: NetName=NetC3_2 Pin=C4-2
Added Pin To Net: NetName=NetC3_2 Pin=L3-1
Added Pin To Net: NetName=NetC3_2 Pin=U1-B1
Added Pin To Net: NetName=NetC3_2 Pin=U1-B4
Added Net: Name=NetC3_2
Added Pin To Net: NetName=NetC5_2 Pin=C5-2
Added Pin To Net: NetName=NetC5_2 Pin=L4-1
Added Pin To Net: NetName=NetC5_2 Pin=U1-A7
Added Net: Name=NetC5_2
Added Pin To Net: NetName=NetC6_2 Pin=C6-2
Added Pin To Net: NetName=NetC6_2 Pin=U1-B5
Added Net: Name=NetC6_2
Added Pin To Net: NetName=NetC7_2 Pin=C7-2
Added Pin To Net: NetName=NetC7_2 Pin=U1-B8
Added Net: Name=NetC7_2
Added Pin To Net: NetName=NetC19_2 Pin=C19-2
Added Pin To Net: NetName=NetC19_2 Pin=L2-2
Added Net: Name=NetC19_2
Added Pin To Net: NetName=NetL4_2 Pin=L4-2
Added Pin To Net: NetName=NetL4_2 Pin=U1-A9
Added Net: Name=NetL4_2
Added Pin To Net: NetName=NetU1_A1 Pin=U1-A1
Added Pin To Net: NetName=NetU1_A1 Pin=X1-1
Added Net: Name=NetU1_A1
Added Pin To Net: NetName=NetU1_A2 Pin=U1-A2
Added Pin To Net: NetName=NetU1_A2 Pin=X1-3
Added Net: Name=NetU1_A2
Added Pin To Net: NetName=P0.02/NFC1 Pin=U1-G11
Added Net: Name=P0.02/NFC1
Added Pin To Net: NetName=P0.03/NFC2 Pin=U1-H12
Added Net: Name=P0.03/NFC2
Added Pin To Net: NetName=P0.04/AIN0 Pin=U1-G10
Added Net: Name=P0.04/AIN0
Added Pin To Net: NetName=P0.05/AIN1 Pin=U1-F10
Added Net: Name=P0.05/AIN1
Added Pin To Net: NetName=P0.06/AIN2 Pin=U1-H10
Added Net: Name=P0.06/AIN2
Added Pin To Net: NetName=P0.07/AIN3 Pin=U1-J10
Added Net: Name=P0.07/AIN3
Added Pin To Net: NetName=P0.08/TRACEDATA3 Pin=U1-L12
Added Net: Name=P0.08/TRACEDATA3
Added Pin To Net: NetName=P0.09/TRACEDATA2 Pin=U1-J9
Added Net: Name=P0.09/TRACEDATA2
Added Pin To Net: NetName=P0.10/TRACEDATA1 Pin=U1-J8
Added Net: Name=P0.10/TRACEDATA1
Added Pin To Net: NetName=P0.11/TRACEDATA0 Pin=U1-J7
Added Net: Name=P0.11/TRACEDATA0
Added Pin To Net: NetName=P0.12/TRACECLK Pin=U1-J6
Added Net: Name=P0.12/TRACECLK
Added Pin To Net: NetName=P0.13/QSPI0 Pin=U1-K10
Added Net: Name=P0.13/QSPI0
Added Pin To Net: NetName=P0.14/QSPI1 Pin=U1-K9
Added Net: Name=P0.14/QSPI1
Added Pin To Net: NetName=P0.15/QSPI2 Pin=U1-L9
Added Net: Name=P0.15/QSPI2
Added Pin To Net: NetName=P0.16/QSPI3 Pin=U1-K8
Added Net: Name=P0.16/QSPI3
Added Pin To Net: NetName=P0.17/QSPI_CLK Pin=U1-L7
Added Net: Name=P0.17/QSPI_CLK
Added Pin To Net: NetName=P0.18/QSPI_CS Pin=U1-K7
Added Net: Name=P0.18/QSPI_CS
Added Pin To Net: NetName=P0.19 Pin=U1-J5
Added Net: Name=P0.19
Added Pin To Net: NetName=P0.21 Pin=U1-J4
Added Net: Name=P0.21
Added Pin To Net: NetName=P0.22 Pin=U1-K4
Added Net: Name=P0.22
Added Pin To Net: NetName=P0.23 Pin=U1-H3
Added Net: Name=P0.23
Added Pin To Net: NetName=P0.24 Pin=U1-K2
Added Net: Name=P0.24
Added Pin To Net: NetName=P0.25/AIN4 Pin=U1-L1
Added Net: Name=P0.25/AIN4
Added Pin To Net: NetName=P0.26/AIN5 Pin=U1-J2
Added Net: Name=P0.26/AIN5
Added Pin To Net: NetName=P0.27/AIN6 Pin=U1-H1
Added Net: Name=P0.27/AIN6
Added Pin To Net: NetName=P0.28/AIN7 Pin=U1-E3
Added Net: Name=P0.28/AIN7
Added Pin To Net: NetName=P0.29 Pin=U1-E2
Added Net: Name=P0.29
Added Pin To Net: NetName=P0.30 Pin=U1-C4
Added Net: Name=P0.30
Added Pin To Net: NetName=P0.31 Pin=U1-C5
Added Net: Name=P0.31
Added Pin To Net: NetName=P1.00 Pin=U1-D10
Added Net: Name=P1.00
Added Pin To Net: NetName=P1.01 Pin=U1-E10
Added Net: Name=P1.01
Added Pin To Net: NetName=P1.02/TWI Pin=U1-J11
Added Net: Name=P1.02/TWI
Added Pin To Net: NetName=P1.03/TWI Pin=U1-K12
Added Net: Name=P1.03/TWI
Added Pin To Net: NetName=P1.04 Pin=U1-K3
Added Net: Name=P1.04
Added Pin To Net: NetName=P1.05 Pin=U1-L3
Added Net: Name=P1.05
Added Pin To Net: NetName=P1.06 Pin=U1-J3
Added Net: Name=P1.06
Added Pin To Net: NetName=P1.07 Pin=U1-G3
Added Net: Name=P1.07
Added Pin To Net: NetName=P1.08 Pin=U1-F3
Added Net: Name=P1.08
Added Pin To Net: NetName=P1.09 Pin=U1-H2
Added Net: Name=P1.09
Added Pin To Net: NetName=P1.10 Pin=U1-E4
Added Net: Name=P1.10
Added Pin To Net: NetName=P1.11 Pin=U1-C6
Added Net: Name=P1.11
Added Pin To Net: NetName=P1.12 Pin=U1-C7
Added Net: Name=P1.12
Added Pin To Net: NetName=P1.13 Pin=U1-C8
Added Net: Name=P1.13
Added Pin To Net: NetName=P1.14 Pin=U1-C9
Added Net: Name=P1.14
Added Pin To Net: NetName=P1.15 Pin=U1-C10
Added Net: Name=P1.15
Added Pin To Net: NetName=R\E\S\E\T\ Pin=U1-G2
Added Net: Name=R\E\S\E\T\
Added Member To Class: ClassName=Tiresias_MCU Member=Component C1 0.7p
Added Member To Class: ClassName=Tiresias_MCU Member=Component C2 1uF
Added Member To Class: ClassName=Tiresias_MCU Member=Component C3 1uF
Added Member To Class: ClassName=Tiresias_MCU Member=Component C4 2.2nF
Added Member To Class: ClassName=Tiresias_MCU Member=Component C5 1uF
Added Member To Class: ClassName=Tiresias_MCU Member=Component C6 1uF
Added Member To Class: ClassName=Tiresias_MCU Member=Component C7 100nF
Added Member To Class: ClassName=Tiresias_MCU Member=Component C8 100nF
Added Member To Class: ClassName=Tiresias_MCU Member=Component C9 100nF
Added Member To Class: ClassName=Tiresias_MCU Member=Component C10 1uF
Added Member To Class: ClassName=Tiresias_MCU Member=Component C11 100nF
Added Member To Class: ClassName=Tiresias_MCU Member=Component C12 100nF
Added Member To Class: ClassName=Tiresias_MCU Member=Component C13 100nF
Added Member To Class: ClassName=Tiresias_MCU Member=Component C14 1uF
Added Member To Class: ClassName=Tiresias_MCU Member=Component C19 N.C.
Added Member To Class: ClassName=Tiresias_MCU Member=Component L1 2.2nH
Added Member To Class: ClassName=Tiresias_MCU Member=Component L2 2.2nH
Added Member To Class: ClassName=Tiresias_MCU Member=Component L3 10uH
Added Member To Class: ClassName=Tiresias_MCU Member=Component L4 10uH
Added Member To Class: ClassName=Tiresias_MCU Member=Component U1 *
Added Member To Class: ClassName=Tiresias_MCU Member=Component X1 32MHz
Added Member To Class: ClassName=Tiresias_MCU Member=Component X2 32.768kHz
