Added Component: Designator=U2(CL-2025)
Add component (AddParameter): Name = "Artikkelnr Noca"; Value = "N.A."; VariantName = "[No Variations]"
Add component (AddParameter): Name = "Assembly"; Value = ""; VariantName = "[No Variations]"
Add component (AddParameter): Name = "Author"; Value = "rubr"; VariantName = "[No Variations]"
Add component (AddParameter): Name = "Component Class"; Value = "Misc_ICs"; VariantName = "[No Variations]"
Add component (AddParameter): Name = "ComponentLink1Description"; Value = "Datasheet"; VariantName = "[No Variations]"
Add component (AddParameter): Name = "ComponentLink1URL"; Value = "https://www.torexsemi.com/file/xcl210/XCL210.pdf"; VariantName = "[No Variations]"
Add component (AddParameter): Name = "ComponentLink2Description"; Value = "Supplier link"; VariantName = "[No Variations]"
Add component (AddParameter): Name = "ComponentLink2URL"; Value = "https://www.digikey.com/en/products/detail/torex-semiconductor-ltd/XCL210C121GR-G/5964723"; VariantName = "[No Variations]"
Add component (AddParameter): Name = "Digikey Link"; Value = "https://www.digikey.com/en/products/detail/torex-semiconductor-ltd/XCL210D201GR-G/10148097?s=N4IgTCBcDaIBoGEAyYCMAGAImdqDiASgLR4gC6AvkA"; VariantName = "[No Variations]"
Add component (AddParameter): Name = "Footprint Doc"; Value = "CL-2025"; VariantName = "[No Variations]"
Add component (AddParameter): Name = "HelpURL"; Value = "https://www.torexsemi.com/products/built-in-dcdc-converters/series/?name=xcl210"; VariantName = "[No Variations]"
Add component (AddParameter): Name = "LatestRevisionDate"; Value = "2021-04-22"; VariantName = "[No Variations]"
Add component (AddParameter): Name = "Manufacturer"; Value = "Torex Semiconductor"; VariantName = "[No Variations]"
Add component (AddParameter): Name = "Manufacturer Part Number"; Value = "XCL210C121GR-G"; VariantName = "[No Variations]"
Add component (AddParameter): Name = "Mouser Link"; Value = "https://au.mouser.com/ProductDetail/Torex-Semiconductor/XCL210D201GR-G?qs=AsjdqWjXhJ%252Bfq4YmN5RHyA%3D%3D&_gl=1*8wexd*_ga*MTYyMjg1NzA0OC4xNzEzODc4NTc0*_ga_15W4STQT4T*MTcxMzk3OTMxMS4zLjAuMTcxMzk3OTMxMi41OS4wLjA."; VariantName = "[No Variations]"
Add component (AddParameter): Name = "Note"; Value = "N.A."; VariantName = "[No Variations]"
Add component (AddParameter): Name = "Pad Count"; Value = "8"; VariantName = "[No Variations]"
Add component (AddParameter): Name = "Part Number"; Value = "XCL210C12"; VariantName = "[No Variations]"
Add component (AddParameter): Name = "Part number IPS"; Value = "N.A."; VariantName = "[No Variations]"
Add component (AddParameter): Name = "Part number Norautron"; Value = "N.A."; VariantName = "[No Variations]"
Add component (AddParameter): Name = "PartId"; Value = "101900655"; VariantName = "[No Variations]"
Add component (AddParameter): Name = "Published"; Value = "2021-04-22"; VariantName = "[No Variations]"
Add component (AddParameter): Name = "Supplier 1"; Value = "Digi-Key"; VariantName = "[No Variations]"
Add component (AddParameter): Name = "Supplier 2"; Value = "Mouser"; VariantName = "[No Variations]"
Add component (AddParameter): Name = "Supplier Part Number 1"; Value = "893-1249-1-ND"; VariantName = "[No Variations]"
Add component (AddParameter): Name = "Supplier Part Number 2"; Value = "865-XCL210C121GR-G"; VariantName = "[No Variations]"
Add component (AddParameter): Name = "Value"; Value = "XCL232D091"; VariantName = "[No Variations]"
Added Pin To Net: NetName=GND Pin=U2-2
Added Pin To Net: NetName=DVDD_EXT Pin=U2-3
Added Pin To Net: NetName=VSYS Pin=U2-6
Added Pin To Net: NetName=DVDD_EXT Pin=U2-8
Added Pin To Net: NetName=GND Pin=U2-9
Added Pin To Net: NetName=NetSB13_2 Pin=SB13-2
Added Pin To Net: NetName=NetSB13_2 Pin=U2-4
Added Net: Name=NetSB13_2
Added Pin To Net: NetName=NetU2_1 Pin=U2-1
Added Pin To Net: NetName=NetU2_1 Pin=U2-7
Added Net: Name=NetU2_1
Added Member To Class: ClassName=U_Tiresias_PMIC Member=Component U2 XCL232D091
Added Rule: Name=Schematic Routing Via Style
Added Rule: Name=Schematic Supply Nets_3
