Added Component: Designator=IC2(XCL232B051KRG)
Add component (AddParameter): Name = "DeviceName"; Value = ""; VariantName = "[No Variations]"
Add component (AddParameter): Name = "DeviceSetName"; Value = "XCL232D091KR-G"; VariantName = "[No Variations]"
Add component (AddParameter): Name = "GateName_1"; Value = "G$1"; VariantName = "[No Variations]"
Add component (AddParameter): Name = "Height"; Value = "1.04mm"; VariantName = "[No Variations]"
Add component (AddParameter): Name = "LibraryName"; Value = "XCL232D091KR-G"; VariantName = "[No Variations]"
Add component (AddParameter): Name = "Manufacturer_Name"; Value = "Torex"; VariantName = "[No Variations]"
Add component (AddParameter): Name = "Manufacturer_Part_Number"; Value = "XCL232D091KR-G"; VariantName = "[No Variations]"
Add component (AddParameter): Name = "Mouser_Part_Number"; Value = "865-XCL232D091KR-G"; VariantName = "[No Variations]"
Add component (AddParameter): Name = "Mouser_Price-Stock"; Value = "https://www.mouser.co.uk/ProductDetail/Torex-Semiconductor/XCL232D091KR-G?qs=Znm5pLBrcAIAF3XJtDZJsg%3D%3D"; VariantName = "[No Variations]"
Add component (AddParameter): Name = "Package"; Value = "XCL232B051KRG"; VariantName = "[No Variations]"
Add component (AddParameter): Name = "SymbolName_1"; Value = "XCL232D091KR-G"; VariantName = "[No Variations]"
Added Component: Designator=J6(2 PIN STARPOINT)
Add component (AddParameter): Name = "Artikkelnr Noca"; Value = "N.A."; VariantName = "[No Variations]"
Add component (AddParameter): Name = "Assembly"; Value = ""; VariantName = "[No Variations]"
Add component (AddParameter): Name = "Author"; Value = "rsk"; VariantName = "[No Variations]"
Add component (AddParameter): Name = "Component Class"; Value = "Connectors"; VariantName = "[No Variations]"
Add component (AddParameter): Name = "ComponentLink1Description"; Value = "Datasheet"; VariantName = "[No Variations]"
Add component (AddParameter): Name = "ComponentLink1URL"; Value = "N.A."; VariantName = "[No Variations]"
Add component (AddParameter): Name = "ComponentLink2Description"; Value = "Supplier link"; VariantName = "[No Variations]"
Add component (AddParameter): Name = "ComponentLink2URL"; Value = "N.A."; VariantName = "[No Variations]"
Add component (AddParameter): Name = "Footprint Doc"; Value = "N.A."; VariantName = "[No Variations]"
Add component (AddParameter): Name = "HelpURL"; Value = "N.A."; VariantName = "[No Variations]"
Add component (AddParameter): Name = "LatestRevisionDate"; Value = "2017-08-31"; VariantName = "[No Variations]"
Add component (AddParameter): Name = "Manufacturer"; Value = "N.A."; VariantName = "[No Variations]"
Add component (AddParameter): Name = "Manufacturer Part Number"; Value = "N.A."; VariantName = "[No Variations]"
Add component (AddParameter): Name = "Note"; Value = "N.A."; VariantName = "[No Variations]"
Add component (AddParameter): Name = "Pad Count"; Value = "2"; VariantName = "[No Variations]"
Add component (AddParameter): Name = "Part Number"; Value = "2 pin starpoint"; VariantName = "[No Variations]"
Add component (AddParameter): Name = "Part number IPS"; Value = "N.A."; VariantName = "[No Variations]"
Add component (AddParameter): Name = "Part number Norautron"; Value = "N.A."; VariantName = "[No Variations]"
Add component (AddParameter): Name = "PartId"; Value = "100500603"; VariantName = "[No Variations]"
Add component (AddParameter): Name = "Published"; Value = "2017-08-31"; VariantName = "[No Variations]"
Add component (AddParameter): Name = "Supplier 1"; Value = "N.A."; VariantName = "[No Variations]"
Add component (AddParameter): Name = "Supplier 2"; Value = "N.A."; VariantName = "[No Variations]"
Add component (AddParameter): Name = "Supplier Part Number 1"; Value = "N.A."; VariantName = "[No Variations]"
Add component (AddParameter): Name = "Supplier Part Number 2"; Value = "N.A."; VariantName = "[No Variations]"
Add component (AddParameter): Name = "Value"; Value = "N.A."; VariantName = "[No Variations]"
Added Pin To Net: NetName=GND Pin=IC2-2
Added Pin To Net: NetName=DVDD_EXT Pin=IC2-3
Added Pin To Net: NetName=VSYS Pin=IC2-6
Added Pin To Net: NetName=DVDD_EXT Pin=IC2-8
Added Pin To Net: NetName=GND Pin=J6-1
Added Pin To Net: NetName=PVSS Pin=J6-2
Added Pin To Net: NetName=NetIC2_1 Pin=IC2-1
Added Pin To Net: NetName=NetIC2_1 Pin=IC2-7
Added Net: Name=NetIC2_1
Added Pin To Net: NetName=NetIC2_4 Pin=IC2-4
Added Pin To Net: NetName=NetIC2_4 Pin=SB13-2
Added Net: Name=NetIC2_4
Added Member To Class: ClassName=U_Tiresias_PMIC Member=Component IC2 0.9V Ultra-Low Quiescent Current, Inductor Built-in Step-Down DC/DC Converter, CL-2025-03   Source:  Datasheet
Added Member To Class: ClassName=U_Tiresias_PMIC Member=Component J6 N.A.
