Change Component Comment : Designator=C8 Old Comment=1.0µF New Comment=1uF
Change Component Comment : Designator=C7 Old Comment=4.7µF New Comment=4.7uF
Change Component Comment : Designator=L3 Old Comment=10µH New Comment=10uH
Change Component Comment : Designator=L4 Old Comment=15nH New Comment=15nF
Change Component Comment : Designator=C6 Old Comment=100pF New Comment=100nF
Added Pin To Net: NetName=DEC1 Pin=C4-1
Added Pin To Net: NetName=DEC1 Pin=U1-B6
Added Net: Name=DEC1
Added Pin To Net: NetName=DEC2 Pin=C6-2
Added Pin To Net: NetName=DEC2 Pin=U1-A3
Added Net: Name=DEC2
Added Pin To Net: NetName=DEC4 Pin=C8-2
Added Pin To Net: NetName=DEC4 Pin=L4-2
Added Pin To Net: NetName=DEC4 Pin=U1-A4
Added Net: Name=DEC4
Added Pin To Net: NetName=GND Pin=C1-2
Added Pin To Net: NetName=GND Pin=C2-2
Added Pin To Net: NetName=GND Pin=C3-2
Added Pin To Net: NetName=GND Pin=C4-2
Added Pin To Net: NetName=GND Pin=C5-2
Added Pin To Net: NetName=GND Pin=C6-1
Added Pin To Net: NetName=GND Pin=C7-2
Added Pin To Net: NetName=GND Pin=C8-1
Added Pin To Net: NetName=GND Pin=C9-1
Added Pin To Net: NetName=GND Pin=C10-1
Added Pin To Net: NetName=GND Pin=U1-B3
Added Pin To Net: NetName=GND Pin=U1-B4
Added Pin To Net: NetName=GND Pin=U1-C1
Added Pin To Net: NetName=GND Pin=U1-D3
Added Pin To Net: NetName=GND Pin=U1-D4
Added Pin To Net: NetName=GND Pin=U1-E3
Added Pin To Net: NetName=GND Pin=U1-E4
Added Pin To Net: NetName=GND Pin=X1-2
Added Pin To Net: NetName=GND Pin=X1-4
Added Net: Name=GND
Added Pin To Net: NetName=NetC3_1 Pin=C3-1
Added Pin To Net: NetName=NetC3_1 Pin=L1-2
Added Pin To Net: NetName=NetC3_1 Pin=L2-1
Added Net: Name=NetC3_1
Added Pin To Net: NetName=NetL1_1 Pin=L1-1
Added Pin To Net: NetName=NetL1_1 Pin=U1-E1
Added Net: Name=NetL1_1
Added Pin To Net: NetName=NetL3_1 Pin=L3-1
Added Pin To Net: NetName=NetL3_1 Pin=U1-A5
Added Net: Name=NetL3_1
Added Pin To Net: NetName=NetL3_2 Pin=L3-2
Added Pin To Net: NetName=NetL3_2 Pin=L4-1
Added Net: Name=NetL3_2
Added Pin To Net: NetName=P0.00/XL1 Pin=C9-2
Added Pin To Net: NetName=P0.00/XL1 Pin=U1-B5
Added Pin To Net: NetName=P0.00/XL1 Pin=X2-1
Added Net: Name=P0.00/XL1
Added Pin To Net: NetName=P0.01/XL2 Pin=C10-2
Added Pin To Net: NetName=P0.01/XL2 Pin=U1-D5
Added Pin To Net: NetName=P0.01/XL2 Pin=X2-2
Added Net: Name=P0.01/XL2
Added Pin To Net: NetName=P0.03/AIN1 Pin=U1-D6
Added Net: Name=P0.03/AIN1
Added Pin To Net: NetName=P0.04/AIN2 Pin=U1-E5
Added Net: Name=P0.04/AIN2
Added Pin To Net: NetName=P0.05/AIN3 Pin=U1-E6
Added Net: Name=P0.05/AIN3
Added Pin To Net: NetName=P0.08 Pin=U1-F6
Added Net: Name=P0.08
Added Pin To Net: NetName=P0.11 Pin=U1-F5
Added Net: Name=P0.11
Added Pin To Net: NetName=P0.12 Pin=U1-G5
Added Net: Name=P0.12
Added Pin To Net: NetName=P0.14 Pin=U1-F4
Added Net: Name=P0.14
Added Pin To Net: NetName=P0.15 Pin=U1-G4
Added Net: Name=P0.15
Added Pin To Net: NetName=P0.16 Pin=U1-G3
Added Net: Name=P0.16
Added Pin To Net: NetName=P0.17 Pin=U1-F3
Added Net: Name=P0.17
Added Pin To Net: NetName=P0.18 Pin=U1-E2
Added Net: Name=P0.18
Added Pin To Net: NetName=P0.20 Pin=U1-G2
Added Net: Name=P0.20
Added Pin To Net: NetName=P0.21/RESET Pin=U1-F2
Added Net: Name=P0.21/RESET
Added Pin To Net: NetName=RF Pin=L2-2
Added Net: Name=RF
Added Pin To Net: NetName=SWDCLK Pin=U1-G1
Added Net: Name=SWDCLK
Added Pin To Net: NetName=SWDIO Pin=U1-F1
Added Net: Name=SWDIO
Added Pin To Net: NetName=VDD_nRF Pin=C5-1
Added Pin To Net: NetName=VDD_nRF Pin=C7-1
Added Pin To Net: NetName=VDD_nRF Pin=U1-A6
Added Pin To Net: NetName=VDD_nRF Pin=U1-G6
Added Net: Name=VDD_nRF
Added Pin To Net: NetName=XC1 Pin=C1-1
Added Pin To Net: NetName=XC1 Pin=U1-A1
Added Pin To Net: NetName=XC1 Pin=X1-1
Added Net: Name=XC1
Added Pin To Net: NetName=XC2 Pin=C2-1
Added Pin To Net: NetName=XC2 Pin=U1-A2
Added Pin To Net: NetName=XC2 Pin=X1-3
Added Net: Name=XC2
Added Member To Class: ClassName=Tiresias_MCU Member=Component C1 12pF
Added Member To Class: ClassName=Tiresias_MCU Member=Component C2 12pF
Added Member To Class: ClassName=Tiresias_MCU Member=Component C3 1.2pF
Added Member To Class: ClassName=Tiresias_MCU Member=Component C4 100nF
Added Member To Class: ClassName=Tiresias_MCU Member=Component C5 100nF
Added Member To Class: ClassName=Tiresias_MCU Member=Component C6 100nF
Added Member To Class: ClassName=Tiresias_MCU Member=Component C7 4.7uF
Added Member To Class: ClassName=Tiresias_MCU Member=Component C8 1uF
Added Member To Class: ClassName=Tiresias_MCU Member=Component C9 12pF
Added Member To Class: ClassName=Tiresias_MCU Member=Component C10 12pF
Added Member To Class: ClassName=Tiresias_MCU Member=Component L1 2.2nH
Added Member To Class: ClassName=Tiresias_MCU Member=Component L2 3.3nH
Added Member To Class: ClassName=Tiresias_MCU Member=Component L3 10uH
Added Member To Class: ClassName=Tiresias_MCU Member=Component L4 15nF
Added Member To Class: ClassName=Tiresias_MCU Member=Component U1 nRF52811-CAAA
Added Member To Class: ClassName=Tiresias_MCU Member=Component X1 32MHz
Added Member To Class: ClassName=Tiresias_MCU Member=Component X2 32.768kHz
