Removed Pin From Net: NetName=VBAT Pin=J5-2
Added Component: Designator=C43(CAPC0603X03L_C)
Add component (AddParameter): Name = "Class"; Value = "SMT"; VariantName = "[No Variations]"
Add component (AddParameter): Name = "DigiKey link"; Value = ""; VariantName = "[No Variations]"
Add component (AddParameter): Name = "JLCpcb link"; Value = ""; VariantName = "[No Variations]"
Add component (AddParameter): Name = "LatestRevisionDate"; Value = "2024/02/20"; VariantName = "[No Variations]"
Add component (AddParameter): Name = "Manufacturer"; Value = ""; VariantName = "[No Variations]"
Add component (AddParameter): Name = "Manufacturer Part Number"; Value = ""; VariantName = "[No Variations]"
Add component (AddParameter): Name = "Mouser link"; Value = ""; VariantName = "[No Variations]"
Add component (AddParameter): Name = "Package"; Value = "0201"; VariantName = "[No Variations]"
Add component (AddParameter): Name = "Part Number"; Value = "C0201-100n"; VariantName = "[No Variations]"
Add component (AddParameter): Name = "Pin Count"; Value = "2"; VariantName = "[No Variations]"
Add component (AddParameter): Name = "Value"; Value = "10nF"; VariantName = "[No Variations]"
Added Component: Designator=C51(CAPC0603X03L_C)
Add component (AddParameter): Name = "Class"; Value = "SMT"; VariantName = "[No Variations]"
Add component (AddParameter): Name = "DigiKey link"; Value = ""; VariantName = "[No Variations]"
Add component (AddParameter): Name = "JLCpcb link"; Value = ""; VariantName = "[No Variations]"
Add component (AddParameter): Name = "LatestRevisionDate"; Value = "2024/02/20"; VariantName = "[No Variations]"
Add component (AddParameter): Name = "Manufacturer"; Value = ""; VariantName = "[No Variations]"
Add component (AddParameter): Name = "Manufacturer Part Number"; Value = ""; VariantName = "[No Variations]"
Add component (AddParameter): Name = "Mouser link"; Value = ""; VariantName = "[No Variations]"
Add component (AddParameter): Name = "Package"; Value = "0201"; VariantName = "[No Variations]"
Add component (AddParameter): Name = "Part Number"; Value = "C0201-100n"; VariantName = "[No Variations]"
Add component (AddParameter): Name = "Pin Count"; Value = "2"; VariantName = "[No Variations]"
Add component (AddParameter): Name = "Value"; Value = "100nF"; VariantName = "[No Variations]"
Added Component: Designator=FB1(INDC1005X04L)
Add component (AddParameter): Name = "Artikkelnr Noca"; Value = "33029317"; VariantName = "[No Variations]"
Add component (AddParameter): Name = "Assembly"; Value = ""; VariantName = "[No Variations]"
Add component (AddParameter): Name = "Author"; Value = "rsk"; VariantName = "[No Variations]"
Add component (AddParameter): Name = "Component Class"; Value = "Inductors"; VariantName = "[No Variations]"
Add component (AddParameter): Name = "ComponentLink1Description"; Value = "Datasheet"; VariantName = "[No Variations]"
Add component (AddParameter): Name = "ComponentLink1URL"; Value = "N.A."; VariantName = "[No Variations]"
Add component (AddParameter): Name = "ComponentLink2Description"; Value = "Supplier link"; VariantName = "[No Variations]"
Add component (AddParameter): Name = "ComponentLink2URL"; Value = "N.A."; VariantName = "[No Variations]"
Add component (AddParameter): Name = "Footprint Doc"; Value = "0402"; VariantName = "[No Variations]"
Add component (AddParameter): Name = "HelpURL"; Value = "http://search.murata.co.jp/Ceramy/image/img/PDF/ENG/L0110S0100BLM15A_SN.pdf"; VariantName = "[No Variations]"
Add component (AddParameter): Name = "LatestRevisionDate"; Value = "2014-01-10"; VariantName = "[No Variations]"
Add component (AddParameter): Name = "Manufacturer"; Value = "Murata"; VariantName = "[No Variations]"
Add component (AddParameter): Name = "Manufacturer Part Number"; Value = "BLM15AG121SN1D"; VariantName = "[No Variations]"
Add component (AddParameter): Name = "Note"; Value = "Chip EMIFIL Inductor Type Chip Ferrite Bead"; VariantName = "[No Variations]"
Add component (AddParameter): Name = "Pad Count"; Value = "2"; VariantName = "[No Variations]"
Add component (AddParameter): Name = "Part Number"; Value = "FB0402-120R@100M-500mA"; VariantName = "[No Variations]"
Add component (AddParameter): Name = "Part number IPS"; Value = "00000009954"; VariantName = "[No Variations]"
Add component (AddParameter): Name = "Part number Norautron"; Value = "N.A."; VariantName = "[No Variations]"
Add component (AddParameter): Name = "PartId"; Value = "100300099"; VariantName = "[No Variations]"
Add component (AddParameter): Name = "Published"; Value = "2011-11-14"; VariantName = "[No Variations]"
Add component (AddParameter): Name = "Supplier 1"; Value = "Digi-Key"; VariantName = "[No Variations]"
Add component (AddParameter): Name = "Supplier 2"; Value = "Farnell"; VariantName = "[No Variations]"
Add component (AddParameter): Name = "Supplier Part Number 1"; Value = "490-1005-1-ND"; VariantName = "[No Variations]"
Add component (AddParameter): Name = "Supplier Part Number 2"; Value = "151-5760"; VariantName = "[No Variations]"
Add component (AddParameter): Name = "Value"; Value = "120R/0.55A"; VariantName = "[No Variations]"
Added Pin To Net: NetName=GND Pin=C43-1
Added Pin To Net: NetName=GND Pin=C51-1
Added Pin To Net: NetName=VBAT Pin=C51-2
Added Pin To Net: NetName=VBAT Pin=FB1-2
Added Pin To Net: NetName=NetC43_2 Pin=C43-2
Added Pin To Net: NetName=NetC43_2 Pin=FB1-1
Added Pin To Net: NetName=NetC43_2 Pin=J5-2
Added Net: Name=NetC43_2
Added Member To Class: ClassName=U_Tiresias_misc Member=Component C43 10nF
Added Member To Class: ClassName=U_Tiresias_misc Member=Component C51 100nF
Added Member To Class: ClassName=U_Tiresias_misc Member=Component FB1 120R/0.55A
Added Rule: Name=Schematic Routing Via Style
Added Rule: Name=Schematic Supply Nets_3
